{"meta": {"format": 3, "version": "7.9.2", "timestamp": "2026-04-21T18:27:14.381296", "branch_coverage": true, "show_contexts": false}, "files": {"src/rent_collector/__init__.py": {"executed_lines": [1, 11], "summary": {"covered_lines": 1, "num_statements": 1, "percent_covered": 100.0, "percent_covered_display": "100", "missing_lines": 0, "excluded_lines": 0, "num_branches": 0, "num_partial_branches": 0, "covered_branches": 0, "missing_branches": 0}, "missing_lines": [], "excluded_lines": [], "executed_branches": [], "missing_branches": [], "functions": {"": {"executed_lines": [1, 11], "summary": {"covered_lines": 1, "num_statements": 1, "percent_covered": 100.0, "percent_covered_display": "100", "missing_lines": 0, "excluded_lines": 0, "num_branches": 0, "num_partial_branches": 0, "covered_branches": 0, "missing_branches": 0}, "missing_lines": [], "excluded_lines": [], "executed_branches": [], "missing_branches": []}}, "classes": {"": {"executed_lines": [1, 11], "summary": {"covered_lines": 1, "num_statements": 1, "percent_covered": 100.0, "percent_covered_display": "100", "missing_lines": 0, "excluded_lines": 0, "num_branches": 0, "num_partial_branches": 0, "covered_branches": 0, "missing_branches": 0}, "missing_lines": [], "excluded_lines": [], "executed_branches": [], "missing_branches": []}}}, "src/rent_collector/cli.py": {"executed_lines": [1, 5, 7, 8, 10, 11, 12, 14, 15, 17, 20, 21, 22, 30, 31, 41, 42, 43, 48, 53, 64, 71, 72, 83, 85, 86, 88, 89, 90, 91, 93, 95, 97, 99, 100, 108, 109, 111, 112, 113, 116, 117], "summary": {"covered_lines": 41, "num_statements": 41, "percent_covered": 100.0, "percent_covered_display": "100", "missing_lines": 0, "excluded_lines": 0, "num_branches": 6, "num_partial_branches": 0, "covered_branches": 6, "missing_branches": 0}, "missing_lines": [], "excluded_lines": [], "executed_branches": [[85, 86], [85, 93], [111, -30], [111, 112], [116, -1], [116, 117]], "missing_branches": [], "functions": {"_setup_logging": {"executed_lines": [21, 22], "summary": {"covered_lines": 2, "num_statements": 2, "percent_covered": 100.0, "percent_covered_display": "100", "missing_lines": 0, "excluded_lines": 0, "num_branches": 0, "num_partial_branches": 0, "covered_branches": 0, "missing_branches": 0}, "missing_lines": [], "excluded_lines": [], "executed_branches": [], "missing_branches": []}, "main": {"executed_lines": [83, 85, 86, 88, 89, 90, 91, 93, 95, 97, 99, 100, 108, 109, 111, 112, 113], "summary": {"covered_lines": 17, "num_statements": 17, "percent_covered": 100.0, "percent_covered_display": "100", "missing_lines": 0, "excluded_lines": 0, "num_branches": 4, "num_partial_branches": 0, "covered_branches": 4, "missing_branches": 0}, "missing_lines": [], "excluded_lines": [], "executed_branches": [[85, 86], [85, 93], [111, -30], [111, 112]], "missing_branches": []}, "": {"executed_lines": [1, 5, 7, 8, 10, 11, 12, 14, 15, 17, 20, 30, 31, 41, 42, 43, 48, 53, 64, 71, 72, 116, 117], "summary": {"covered_lines": 22, "num_statements": 22, "percent_covered": 100.0, "percent_covered_display": "100", "missing_lines": 0, "excluded_lines": 0, "num_branches": 2, "num_partial_branches": 0, "covered_branches": 2, "missing_branches": 0}, "missing_lines": [], "excluded_lines": [], "executed_branches": [[116, -1], [116, 117]], "missing_branches": []}}, "classes": {"": {"executed_lines": [1, 5, 7, 8, 10, 11, 12, 14, 15, 17, 20, 21, 22, 30, 31, 41, 42, 43, 48, 53, 64, 71, 72, 83, 85, 86, 88, 89, 90, 91, 93, 95, 97, 99, 100, 108, 109, 111, 112, 113, 116, 117], "summary": {"covered_lines": 41, "num_statements": 41, "percent_covered": 100.0, "percent_covered_display": "100", "missing_lines": 0, "excluded_lines": 0, "num_branches": 6, "num_partial_branches": 0, "covered_branches": 6, "missing_branches": 0}, "missing_lines": [], "excluded_lines": [], "executed_branches": [[85, 86], [85, 93], [111, -30], [111, 112], [116, -1], [116, 117]], "missing_branches": []}}}, "src/rent_collector/collectors/__init__.py": {"executed_lines": [], "summary": {"covered_lines": 0, "num_statements": 0, "percent_covered": 100.0, "percent_covered_display": "100", "missing_lines": 0, "excluded_lines": 0, "num_branches": 0, "num_partial_branches": 0, "covered_branches": 0, "missing_branches": 0}, "missing_lines": [], "excluded_lines": [], "executed_branches": [], "missing_branches": [], "functions": {"": {"executed_lines": [], "summary": {"covered_lines": 0, "num_statements": 0, "percent_covered": 100.0, "percent_covered_display": "100", "missing_lines": 0, "excluded_lines": 0, "num_branches": 0, "num_partial_branches": 0, "covered_branches": 0, "missing_branches": 0}, "missing_lines": [], "excluded_lines": [], "executed_branches": [], "missing_branches": []}}, "classes": {"": {"executed_lines": [], "summary": {"covered_lines": 0, "num_statements": 0, "percent_covered": 100.0, "percent_covered_display": "100", "missing_lines": 0, "excluded_lines": 0, "num_branches": 0, "num_partial_branches": 0, "covered_branches": 0, "missing_branches": 0}, "missing_lines": [], "excluded_lines": [], "executed_branches": [], "missing_branches": []}}}, "src/rent_collector/collectors/base.py": {"executed_lines": [1, 5, 7, 8, 9, 11, 13, 16, 17, 24, 26, 27, 28, 30, 31, 33, 35, 42, 43, 44, 45, 46, 47, 48], "summary": {"covered_lines": 22, "num_statements": 22, "percent_covered": 100.0, "percent_covered_display": "100", "missing_lines": 0, "excluded_lines": 0, "num_branches": 0, "num_partial_branches": 0, "covered_branches": 0, "missing_branches": 0}, "missing_lines": [], "excluded_lines": [], "executed_branches": [], "missing_branches": [], "functions": {"BaseCollector.__init__": {"executed_lines": [27, 28], "summary": {"covered_lines": 2, "num_statements": 2, "percent_covered": 100.0, "percent_covered_display": "100", "missing_lines": 0, "excluded_lines": 0, "num_branches": 0, "num_partial_branches": 0, "covered_branches": 0, "missing_branches": 0}, "missing_lines": [], "excluded_lines": [], "executed_branches": [], "missing_branches": []}, "BaseCollector.collect": {"executed_lines": [33], "summary": {"covered_lines": 1, "num_statements": 1, "percent_covered": 100.0, "percent_covered_display": "100", "missing_lines": 0, "excluded_lines": 0, "num_branches": 0, "num_partial_branches": 0, "covered_branches": 0, "missing_branches": 0}, "missing_lines": [], "excluded_lines": [], "executed_branches": [], "missing_branches": []}, "BaseCollector.probe": {"executed_lines": [42, 43, 44, 45, 46, 47, 48], "summary": {"covered_lines": 7, "num_statements": 7, "percent_covered": 100.0, "percent_covered_display": "100", "missing_lines": 0, "excluded_lines": 0, "num_branches": 0, "num_partial_branches": 0, "covered_branches": 0, "missing_branches": 0}, "missing_lines": [], "excluded_lines": [], "executed_branches": [], "missing_branches": []}, "": {"executed_lines": [1, 5, 7, 8, 9, 11, 13, 16, 17, 24, 26, 30, 31, 35], "summary": {"covered_lines": 12, "num_statements": 12, "percent_covered": 100.0, "percent_covered_display": "100", "missing_lines": 0, "excluded_lines": 0, "num_branches": 0, "num_partial_branches": 0, "covered_branches": 0, "missing_branches": 0}, "missing_lines": [], "excluded_lines": [], "executed_branches": [], "missing_branches": []}}, "classes": {"BaseCollector": {"executed_lines": [27, 28, 33, 42, 43, 44, 45, 46, 47, 48], "summary": {"covered_lines": 10, "num_statements": 10, "percent_covered": 100.0, "percent_covered_display": "100", "missing_lines": 0, "excluded_lines": 0, "num_branches": 0, "num_partial_branches": 0, "covered_branches": 0, "missing_branches": 0}, "missing_lines": [], "excluded_lines": [], "executed_branches": [], "missing_branches": []}, "": {"executed_lines": [1, 5, 7, 8, 9, 11, 13, 16, 17, 24, 26, 30, 31, 35], "summary": {"covered_lines": 12, "num_statements": 12, "percent_covered": 100.0, "percent_covered_display": "100", "missing_lines": 0, "excluded_lines": 0, "num_branches": 0, "num_partial_branches": 0, "covered_branches": 0, "missing_branches": 0}, "missing_lines": [], "excluded_lines": [], "executed_branches": [], "missing_branches": []}}}, "src/rent_collector/collectors/boi_hedonic.py": {"executed_lines": [1, 37, 39, 40, 41, 43, 45, 46, 47, 48, 50, 51, 61, 66, 112, 115, 120, 123, 124, 131, 133, 141, 142, 143, 144, 146, 154, 155, 157, 158, 161, 162, 163, 167, 168, 170, 172, 173, 174, 179, 180, 181, 183, 184, 195, 196, 197, 198, 200, 201, 202, 203, 204, 205, 207, 219, 220, 222, 224, 225, 226, 227, 228, 229, 230, 231, 233, 234, 235, 236, 242, 243, 251, 252, 253, 254, 257, 259, 260, 261], "summary": {"covered_lines": 78, "num_statements": 78, "percent_covered": 100.0, "percent_covered_display": "100", "missing_lines": 0, "excluded_lines": 0, "num_branches": 14, "num_partial_branches": 0, "covered_branches": 14, "missing_branches": 0}, "missing_lines": [], "excluded_lines": [], "executed_branches": [[173, 174], [173, 179], [179, 180], [179, 183], [195, -172], [195, 196], [197, 198], [197, 200], [200, 195], [200, 201], [252, 253], [252, 254], [259, 260], [259, 261]], "missing_branches": [], "functions": {"BoIHedonicCollector.__init__": {"executed_lines": [141, 142, 143, 144], "summary": {"covered_lines": 4, "num_statements": 4, "percent_covered": 100.0, "percent_covered_display": "100", "missing_lines": 0, "excluded_lines": 0, "num_branches": 0, "num_partial_branches": 0, "covered_branches": 0, "missing_branches": 0}, "missing_lines": [], "excluded_lines": [], "executed_branches": [], "missing_branches": []}, "BoIHedonicCollector.predict": {"executed_lines": [154, 155, 157, 158, 161, 162, 163, 167, 168, 170], "summary": {"covered_lines": 10, "num_statements": 10, "percent_covered": 100.0, "percent_covered_display": "100", "missing_lines": 0, "excluded_lines": 0, "num_branches": 0, "num_partial_branches": 0, "covered_branches": 0, "missing_branches": 0}, "missing_lines": [], "excluded_lines": [], "executed_branches": [], "missing_branches": []}, "BoIHedonicCollector.collect": {"executed_lines": [173, 174, 179, 180, 181, 183, 184, 195, 196, 197, 198, 200, 201, 202, 203, 204, 205, 207], "summary": {"covered_lines": 18, "num_statements": 18, "percent_covered": 100.0, "percent_covered_display": "100", "missing_lines": 0, "excluded_lines": 0, "num_branches": 10, "num_partial_branches": 0, "covered_branches": 10, "missing_branches": 0}, "missing_lines": [], "excluded_lines": [], "executed_branches": [[173, 174], [173, 179], [179, 180], [179, 183], [195, -172], [195, 196], [197, 198], [197, 200], [200, 195], [200, 201]], "missing_branches": []}, "BoIHedonicCollector.download_paper": {"executed_lines": [222, 224, 225, 226, 227, 228, 229, 230, 231], "summary": {"covered_lines": 9, "num_statements": 9, "percent_covered": 100.0, "percent_covered_display": "100", "missing_lines": 0, "excluded_lines": 0, "num_branches": 0, "num_partial_branches": 0, "covered_branches": 0, "missing_branches": 0}, "missing_lines": [], "excluded_lines": [], "executed_branches": [], "missing_branches": []}, "BoIHedonicCollector.probe": {"executed_lines": [234, 235, 236, 242, 243], "summary": {"covered_lines": 5, "num_statements": 5, "percent_covered": 100.0, "percent_covered_display": "100", "missing_lines": 0, "excluded_lines": 0, "num_branches": 0, "num_partial_branches": 0, "covered_branches": 0, "missing_branches": 0}, "missing_lines": [], "excluded_lines": [], "executed_branches": [], "missing_branches": []}, "_room_group_to_float": {"executed_lines": [252, 253, 254], "summary": {"covered_lines": 3, "num_statements": 3, "percent_covered": 100.0, "percent_covered_display": "100", "missing_lines": 0, "excluded_lines": 0, "num_branches": 2, "num_partial_branches": 0, "covered_branches": 2, "missing_branches": 0}, "missing_lines": [], "excluded_lines": [], "executed_branches": [[252, 253], [252, 254]], "missing_branches": []}, "_mean_city_effect": {"executed_lines": [259, 260, 261], "summary": {"covered_lines": 3, "num_statements": 3, "percent_covered": 100.0, "percent_covered_display": "100", "missing_lines": 0, "excluded_lines": 0, "num_branches": 2, "num_partial_branches": 0, "covered_branches": 2, "missing_branches": 0}, "missing_lines": [], "excluded_lines": [], "executed_branches": [[259, 260], [259, 261]], "missing_branches": []}, "": {"executed_lines": [1, 37, 39, 40, 41, 43, 45, 46, 47, 48, 50, 51, 61, 66, 112, 115, 120, 123, 124, 131, 133, 146, 172, 219, 220, 233, 251, 257], "summary": {"covered_lines": 26, "num_statements": 26, "percent_covered": 100.0, "percent_covered_display": "100", "missing_lines": 0, "excluded_lines": 0, "num_branches": 0, "num_partial_branches": 0, "covered_branches": 0, "missing_branches": 0}, "missing_lines": [], "excluded_lines": [], "executed_branches": [], "missing_branches": []}}, "classes": {"BoIHedonicCollector": {"executed_lines": [141, 142, 143, 144, 154, 155, 157, 158, 161, 162, 163, 167, 168, 170, 173, 174, 179, 180, 181, 183, 184, 195, 196, 197, 198, 200, 201, 202, 203, 204, 205, 207, 222, 224, 225, 226, 227, 228, 229, 230, 231, 234, 235, 236, 242, 243], "summary": {"covered_lines": 46, "num_statements": 46, "percent_covered": 100.0, "percent_covered_display": "100", "missing_lines": 0, "excluded_lines": 0, "num_branches": 10, "num_partial_branches": 0, "covered_branches": 10, "missing_branches": 0}, "missing_lines": [], "excluded_lines": [], "executed_branches": [[173, 174], [173, 179], [179, 180], [179, 183], [195, -172], [195, 196], [197, 198], [197, 200], [200, 195], [200, 201]], "missing_branches": []}, "": {"executed_lines": [1, 37, 39, 40, 41, 43, 45, 46, 47, 48, 50, 51, 61, 66, 112, 115, 120, 123, 124, 131, 133, 146, 172, 219, 220, 233, 251, 252, 253, 254, 257, 259, 260, 261], "summary": {"covered_lines": 32, "num_statements": 32, "percent_covered": 100.0, "percent_covered_display": "100", "missing_lines": 0, "excluded_lines": 0, "num_branches": 4, "num_partial_branches": 0, "covered_branches": 4, "missing_branches": 0}, "missing_lines": [], "excluded_lines": [], "executed_branches": [[252, 253], [252, 254], [259, 260], [259, 261]], "missing_branches": []}}}, "src/rent_collector/collectors/cbs_api.py": {"executed_lines": [1, 29, 31, 32, 33, 35, 37, 38, 39, 40, 41, 43, 44, 47, 48, 50, 52, 53, 54, 60, 66, 67, 68, 69, 70, 71, 72, 74, 75, 76, 78, 79, 80, 81, 82, 83, 84, 85, 86, 87, 88, 89, 93, 94, 96, 97, 98, 99, 100, 101, 102, 104, 105, 106, 107, 112, 113, 114, 115, 116, 124, 125, 126, 128, 129, 130, 131, 132, 134, 135, 136, 137, 139, 140, 145, 151, 157, 158, 159, 171, 177, 187, 188, 190, 191, 192, 194, 195, 199, 201, 202, 203, 204, 205, 206, 207, 209, 210, 211, 212, 217, 222, 223, 231, 233, 234, 235, 236, 237, 238, 239, 240, 241, 244, 263, 265, 267, 270, 271, 272, 277, 278, 281, 282, 283, 284, 285, 286, 287, 288, 289, 290, 291, 294, 302, 305, 312, 320, 321, 322, 323, 325, 327, 328, 329, 331, 333, 346, 359, 365, 367, 369, 370, 371, 372, 373, 374, 376, 378, 379, 380, 382, 383, 384, 385, 388, 390, 392, 394, 395, 396, 397, 398, 399, 400, 401, 402, 403, 404], "summary": {"covered_lines": 177, "num_statements": 177, "percent_covered": 100.0, "percent_covered_display": "100", "missing_lines": 0, "excluded_lines": 0, "num_branches": 64, "num_partial_branches": 0, "covered_branches": 64, "missing_branches": 0}, "missing_lines": [], "excluded_lines": [], "executed_branches": [[84, 85], [84, 93], [88, 84], [88, 89], [96, 97], [96, 134], [101, 102], [101, 104], [104, 105], [104, 106], [128, 96], [128, 129], [131, 128], [131, 132], [136, 137], [136, 139], [139, 140], [139, 145], [187, 188], [187, 190], [190, 191], [190, 194], [194, 195], [194, 201], [201, -177], [201, 202], [233, 234], [233, 235], [235, 236], [235, 240], [236, 237], [236, 240], [238, 236], [238, 239], [265, -244], [265, 267], [271, 272], [271, 278], [282, 283], [282, 290], [284, 282], [284, 285], [290, 291], [290, 294], [320, 321], [320, 322], [322, 323], [322, 325], [331, 333], [331, 346], [370, 371], [370, 378], [373, 374], [373, 376], [379, 380], [379, 382], [383, 384], [383, 385], [395, 396], [395, 402], [398, 399], [398, 402], [402, 403], [402, 404]], "missing_branches": [], "functions": {"CBSApiCollector.__init__": {"executed_lines": [53, 54], "summary": {"covered_lines": 2, "num_statements": 2, "percent_covered": 100.0, "percent_covered_display": "100", "missing_lines": 0, "excluded_lines": 0, "num_branches": 0, "num_partial_branches": 0, "covered_branches": 0, "missing_branches": 0}, "missing_lines": [], "excluded_lines": [], "executed_branches": [], "missing_branches": []}, "CBSApiCollector.scan_catalog": {"executed_lines": [66, 67, 68, 69, 70, 71, 72, 74, 75, 76, 78, 79, 80, 81, 82, 83, 84, 85, 86, 87, 88, 89, 93, 94, 96, 97, 98, 99, 100, 101, 102, 104, 105, 106, 107, 112, 113, 114, 115, 116, 124, 125, 126, 128, 129, 130, 131, 132, 134, 135, 136, 137, 139, 140, 145], "summary": {"covered_lines": 55, "num_statements": 55, "percent_covered": 100.0, "percent_covered_display": "100", "missing_lines": 0, "excluded_lines": 0, "num_branches": 18, "num_partial_branches": 0, "covered_branches": 18, "missing_branches": 0}, "missing_lines": [], "excluded_lines": [], "executed_branches": [[84, 85], [84, 93], [88, 84], [88, 89], [96, 97], [96, 134], [101, 102], [101, 104], [104, 105], [104, 106], [128, 96], [128, 129], [131, 128], [131, 132], [136, 137], [136, 139], [139, 140], [139, 145]], "missing_branches": []}, "CBSApiCollector.fetch_series": {"executed_lines": [157, 158, 159, 171], "summary": {"covered_lines": 4, "num_statements": 4, "percent_covered": 100.0, "percent_covered_display": "100", "missing_lines": 0, "excluded_lines": 0, "num_branches": 0, "num_partial_branches": 0, "covered_branches": 0, "missing_branches": 0}, "missing_lines": [], "excluded_lines": [], "executed_branches": [], "missing_branches": []}, "CBSApiCollector.collect": {"executed_lines": [187, 188, 190, 191, 192, 194, 195, 199, 201, 202, 203, 204, 205, 206, 207], "summary": {"covered_lines": 15, "num_statements": 15, "percent_covered": 100.0, "percent_covered_display": "100", "missing_lines": 0, "excluded_lines": 0, "num_branches": 8, "num_partial_branches": 0, "covered_branches": 8, "missing_branches": 0}, "missing_lines": [], "excluded_lines": [], "executed_branches": [[187, 188], [187, 190], [190, 191], [190, 194], [194, 195], [194, 201], [201, -177], [201, 202]], "missing_branches": []}, "CBSApiCollector.probe": {"executed_lines": [210, 211, 212, 217, 222, 223], "summary": {"covered_lines": 6, "num_statements": 6, "percent_covered": 100.0, "percent_covered_display": "100", "missing_lines": 0, "excluded_lines": 0, "num_branches": 0, "num_partial_branches": 0, "covered_branches": 0, "missing_branches": 0}, "missing_lines": [], "excluded_lines": [], "executed_branches": [], "missing_branches": []}, "_normalise_cbs_series": {"executed_lines": [233, 234, 235, 236, 237, 238, 239, 240, 241], "summary": {"covered_lines": 9, "num_statements": 9, "percent_covered": 100.0, "percent_covered_display": "100", "missing_lines": 0, "excluded_lines": 0, "num_branches": 8, "num_partial_branches": 0, "covered_branches": 8, "missing_branches": 0}, "missing_lines": [], "excluded_lines": [], "executed_branches": [[233, 234], [233, 235], [235, 236], [235, 240], [236, 237], [236, 240], [238, 236], [238, 239]], "missing_branches": []}, "_parse_cbs_series": {"executed_lines": [263, 265, 267, 270, 271, 272, 277, 278, 281, 282, 283, 284, 285, 286, 287, 288, 289, 290, 291, 294, 302, 305, 312, 320, 321, 322, 323, 325, 327, 328, 329, 331, 333, 346], "summary": {"covered_lines": 34, "num_statements": 34, "percent_covered": 100.0, "percent_covered_display": "100", "missing_lines": 0, "excluded_lines": 0, "num_branches": 16, "num_partial_branches": 0, "covered_branches": 16, "missing_branches": 0}, "missing_lines": [], "excluded_lines": [], "executed_branches": [[265, -244], [265, 267], [271, 272], [271, 278], [282, 283], [282, 290], [284, 282], [284, 285], [290, 291], [290, 294], [320, 321], [320, 322], [322, 323], [322, 325], [331, 333], [331, 346]], "missing_branches": []}, "_parse_period": {"executed_lines": [365, 367, 369, 370, 371, 372, 373, 374, 376, 378, 379, 380, 382, 383, 384, 385], "summary": {"covered_lines": 16, "num_statements": 16, "percent_covered": 100.0, "percent_covered_display": "100", "missing_lines": 0, "excluded_lines": 0, "num_branches": 8, "num_partial_branches": 0, "covered_branches": 8, "missing_branches": 0}, "missing_lines": [], "excluded_lines": [], "executed_branches": [[370, 371], [370, 378], [373, 374], [373, 376], [379, 380], [379, 382], [383, 384], [383, 385]], "missing_branches": []}, "_extract_room_group_from_label": {"executed_lines": [390, 392, 394, 395, 396, 397, 398, 399, 400, 401, 402, 403, 404], "summary": {"covered_lines": 13, "num_statements": 13, "percent_covered": 100.0, "percent_covered_display": "100", "missing_lines": 0, "excluded_lines": 0, "num_branches": 6, "num_partial_branches": 0, "covered_branches": 6, "missing_branches": 0}, "missing_lines": [], "excluded_lines": [], "executed_branches": [[395, 396], [395, 402], [398, 399], [398, 402], [402, 403], [402, 404]], "missing_branches": []}, "": {"executed_lines": [1, 29, 31, 32, 33, 35, 37, 38, 39, 40, 41, 43, 44, 47, 48, 50, 52, 60, 151, 177, 209, 231, 244, 359, 388], "summary": {"covered_lines": 23, "num_statements": 23, "percent_covered": 100.0, "percent_covered_display": "100", "missing_lines": 0, "excluded_lines": 0, "num_branches": 0, "num_partial_branches": 0, "covered_branches": 0, "missing_branches": 0}, "missing_lines": [], "excluded_lines": [], "executed_branches": [], "missing_branches": []}}, "classes": {"CBSApiCollector": {"executed_lines": [53, 54, 66, 67, 68, 69, 70, 71, 72, 74, 75, 76, 78, 79, 80, 81, 82, 83, 84, 85, 86, 87, 88, 89, 93, 94, 96, 97, 98, 99, 100, 101, 102, 104, 105, 106, 107, 112, 113, 114, 115, 116, 124, 125, 126, 128, 129, 130, 131, 132, 134, 135, 136, 137, 139, 140, 145, 157, 158, 159, 171, 187, 188, 190, 191, 192, 194, 195, 199, 201, 202, 203, 204, 205, 206, 207, 210, 211, 212, 217, 222, 223], "summary": {"covered_lines": 82, "num_statements": 82, "percent_covered": 100.0, "percent_covered_display": "100", "missing_lines": 0, "excluded_lines": 0, "num_branches": 26, "num_partial_branches": 0, "covered_branches": 26, "missing_branches": 0}, "missing_lines": [], "excluded_lines": [], "executed_branches": [[84, 85], [84, 93], [88, 84], [88, 89], [96, 97], [96, 134], [101, 102], [101, 104], [104, 105], [104, 106], [128, 96], [128, 129], [131, 128], [131, 132], [136, 137], [136, 139], [139, 140], [139, 145], [187, 188], [187, 190], [190, 191], [190, 194], [194, 195], [194, 201], [201, -177], [201, 202]], "missing_branches": []}, "": {"executed_lines": [1, 29, 31, 32, 33, 35, 37, 38, 39, 40, 41, 43, 44, 47, 48, 50, 52, 60, 151, 177, 209, 231, 233, 234, 235, 236, 237, 238, 239, 240, 241, 244, 263, 265, 267, 270, 271, 272, 277, 278, 281, 282, 283, 284, 285, 286, 287, 288, 289, 290, 291, 294, 302, 305, 312, 320, 321, 322, 323, 325, 327, 328, 329, 331, 333, 346, 359, 365, 367, 369, 370, 371, 372, 373, 374, 376, 378, 379, 380, 382, 383, 384, 385, 388, 390, 392, 394, 395, 396, 397, 398, 399, 400, 401, 402, 403, 404], "summary": {"covered_lines": 95, "num_statements": 95, "percent_covered": 100.0, "percent_covered_display": "100", "missing_lines": 0, "excluded_lines": 0, "num_branches": 38, "num_partial_branches": 0, "covered_branches": 38, "missing_branches": 0}, "missing_lines": [], "excluded_lines": [], "executed_branches": [[233, 234], [233, 235], [235, 236], [235, 240], [236, 237], [236, 240], [238, 236], [238, 239], [265, -244], [265, 267], [271, 272], [271, 278], [282, 283], [282, 290], [284, 282], [284, 285], [290, 291], [290, 294], [320, 321], [320, 322], [322, 323], [322, 325], [331, 333], [331, 346], [370, 371], [370, 378], [373, 374], [373, 376], [379, 380], [379, 382], [383, 384], [383, 385], [395, 396], [395, 402], [398, 399], [398, 402], [402, 403], [402, 404]], "missing_branches": []}}}, "src/rent_collector/collectors/cbs_table49.py": {"executed_lines": [1, 24, 26, 27, 28, 29, 31, 32, 34, 35, 42, 43, 44, 46, 47, 55, 57, 65, 66, 68, 70, 78, 79, 80, 81, 87, 88, 92, 93, 97, 99, 100, 101, 102, 103, 104, 105, 106, 107, 108, 109, 111, 113, 114, 115, 116, 117, 118, 119, 120, 121, 122, 128, 130, 131, 132, 134, 136, 138, 139, 140, 141, 142, 143, 144, 145, 147, 153, 154, 155, 158, 160, 161, 162, 163, 164, 165, 166, 167, 169, 170, 171, 172, 173, 175, 176, 177, 178, 180, 182, 183, 195, 196, 197, 198, 199, 200, 201, 202, 210, 212, 213, 220, 221, 222, 223, 224, 225, 226, 227, 228, 229, 230, 231, 232, 233, 234, 235, 236, 237, 240, 247, 248, 250, 251, 252, 253, 254, 255, 256, 257, 258, 259, 260, 261, 262, 263, 264, 265, 266, 275, 276, 278, 281, 282, 283, 286, 287, 289, 290, 291, 292, 293, 295, 296, 297, 298, 300, 308, 309, 311], "summary": {"covered_lines": 159, "num_statements": 159, "percent_covered": 99.54337899543378, "percent_covered_display": "99", "missing_lines": 0, "excluded_lines": 0, "num_branches": 60, "num_partial_branches": 1, "covered_branches": 59, "missing_branches": 1}, "missing_lines": [], "excluded_lines": [], "executed_branches": [[103, 104], [103, 106], [117, 118], [117, 122], [140, 141], [140, 144], [142, 140], [142, 143], [144, 145], [144, 147], [154, 155], [154, 160], [162, 163], [162, 165], [165, 166], [165, 169], [175, -153], [175, 176], [177, 178], [177, 180], [197, 198], [197, 199], [200, 201], [200, 202], [221, 222], [221, 235], [222, 223], [222, 224], [225, 226], [225, 227], [228, 229], [228, 230], [230, 231], [230, 232], [233, 234], [235, 236], [235, 237], [250, 251], [250, 278], [252, 253], [252, 254], [255, 256], [255, 257], [257, 258], [257, 260], [260, 261], [260, 276], [261, 262], [261, 263], [264, 265], [264, 266], [290, 291], [290, 295], [292, 293], [292, 295], [297, 298], [297, 300], [308, 309], [308, 311]], "missing_branches": [[233, 221]], "functions": {"CBSTable49Collector.__init__": {"executed_lines": [78, 79, 80, 81], "summary": {"covered_lines": 4, "num_statements": 4, "percent_covered": 100.0, "percent_covered_display": "100", "missing_lines": 0, "excluded_lines": 0, "num_branches": 0, "num_partial_branches": 0, "covered_branches": 0, "missing_branches": 0}, "missing_lines": [], "excluded_lines": [], "executed_branches": [], "missing_branches": []}, "CBSTable49Collector._excel_url": {"executed_lines": [88], "summary": {"covered_lines": 1, "num_statements": 1, "percent_covered": 100.0, "percent_covered_display": "100", "missing_lines": 0, "excluded_lines": 0, "num_branches": 0, "num_partial_branches": 0, "covered_branches": 0, "missing_branches": 0}, "missing_lines": [], "excluded_lines": [], "executed_branches": [], "missing_branches": []}, "CBSTable49Collector._pdf_url": {"executed_lines": [93], "summary": {"covered_lines": 1, "num_statements": 1, "percent_covered": 100.0, "percent_covered_display": "100", "missing_lines": 0, "excluded_lines": 0, "num_branches": 0, "num_partial_branches": 0, "covered_branches": 0, "missing_branches": 0}, "missing_lines": [], "excluded_lines": [], "executed_branches": [], "missing_branches": []}, "CBSTable49Collector._download_excel": {"executed_lines": [99, 100, 101, 102, 103, 104, 105, 106, 107, 108, 109], "summary": {"covered_lines": 11, "num_statements": 11, "percent_covered": 100.0, "percent_covered_display": "100", "missing_lines": 0, "excluded_lines": 0, "num_branches": 2, "num_partial_branches": 0, "covered_branches": 2, "missing_branches": 0}, "missing_lines": [], "excluded_lines": [], "executed_branches": [[103, 104], [103, 106]], "missing_branches": []}, "CBSTable49Collector._download_pdf": {"executed_lines": [113, 114, 115, 116, 117, 118, 119, 120, 121, 122], "summary": {"covered_lines": 10, "num_statements": 10, "percent_covered": 100.0, "percent_covered_display": "100", "missing_lines": 0, "excluded_lines": 0, "num_branches": 2, "num_partial_branches": 0, "covered_branches": 2, "missing_branches": 0}, "missing_lines": [], "excluded_lines": [], "executed_branches": [[117, 118], [117, 122]], "missing_branches": []}, "CBSTable49Collector._parse_excel": {"executed_lines": [130, 131, 132], "summary": {"covered_lines": 3, "num_statements": 3, "percent_covered": 100.0, "percent_covered_display": "100", "missing_lines": 0, "excluded_lines": 0, "num_branches": 0, "num_partial_branches": 0, "covered_branches": 0, "missing_branches": 0}, "missing_lines": [], "excluded_lines": [], "executed_branches": [], "missing_branches": []}, "CBSTable49Collector._parse_pdf": {"executed_lines": [136, 138, 139, 140, 141, 142, 143, 144, 145, 147], "summary": {"covered_lines": 10, "num_statements": 10, "percent_covered": 100.0, "percent_covered_display": "100", "missing_lines": 0, "excluded_lines": 0, "num_branches": 6, "num_partial_branches": 0, "covered_branches": 6, "missing_branches": 0}, "missing_lines": [], "excluded_lines": [], "executed_branches": [[140, 141], [140, 144], [142, 140], [142, 143], [144, 145], [144, 147]], "missing_branches": []}, "CBSTable49Collector.collect": {"executed_lines": [154, 155, 158, 160, 161, 162, 163, 164, 165, 166, 167, 169, 170, 171, 172, 173, 175, 176, 177, 178, 180, 182, 183], "summary": {"covered_lines": 23, "num_statements": 23, "percent_covered": 100.0, "percent_covered_display": "100", "missing_lines": 0, "excluded_lines": 0, "num_branches": 10, "num_partial_branches": 0, "covered_branches": 10, "missing_branches": 0}, "missing_lines": [], "excluded_lines": [], "executed_branches": [[154, 155], [154, 160], [162, 163], [162, 165], [165, 166], [165, 169], [175, -153], [175, 176], [177, 178], [177, 180]], "missing_branches": []}, "CBSTable49Collector.probe": {"executed_lines": [196, 197, 198, 199, 200, 201, 202], "summary": {"covered_lines": 7, "num_statements": 7, "percent_covered": 100.0, "percent_covered_display": "100", "missing_lines": 0, "excluded_lines": 0, "num_branches": 4, "num_partial_branches": 0, "covered_branches": 4, "missing_branches": 0}, "missing_lines": [], "excluded_lines": [], "executed_branches": [[197, 198], [197, 199], [200, 201], [200, 202]], "missing_branches": []}, "_latest_price_column": {"executed_lines": [212, 213, 220, 221, 222, 223, 224, 225, 226, 227, 228, 229, 230, 231, 232, 233, 234, 235, 236, 237], "summary": {"covered_lines": 20, "num_statements": 20, "percent_covered": 97.05882352941177, "percent_covered_display": "97", "missing_lines": 0, "excluded_lines": 0, "num_branches": 14, "num_partial_branches": 1, "covered_branches": 13, "missing_branches": 1}, "missing_lines": [], "excluded_lines": [], "executed_branches": [[221, 222], [221, 235], [222, 223], [222, 224], [225, 226], [225, 227], [228, 229], [228, 230], [230, 231], [230, 232], [233, 234], [235, 236], [235, 237]], "missing_branches": [[233, 221]]}, "_extract_table49_entities": {"executed_lines": [247, 248, 250, 251, 252, 253, 254, 255, 256, 257, 258, 259, 260, 261, 262, 263, 264, 265, 266, 275, 276, 278], "summary": {"covered_lines": 22, "num_statements": 22, "percent_covered": 100.0, "percent_covered_display": "100", "missing_lines": 0, "excluded_lines": 0, "num_branches": 14, "num_partial_branches": 0, "covered_branches": 14, "missing_branches": 0}, "missing_lines": [], "excluded_lines": [], "executed_branches": [[250, 251], [250, 278], [252, 253], [252, 254], [255, 256], [255, 257], [257, 258], [257, 260], [260, 261], [260, 276], [261, 262], [261, 263], [264, 265], [264, 266]], "missing_branches": []}, "_clean_table49_label": {"executed_lines": [282, 283], "summary": {"covered_lines": 2, "num_statements": 2, "percent_covered": 100.0, "percent_covered_display": "100", "missing_lines": 0, "excluded_lines": 0, "num_branches": 0, "num_partial_branches": 0, "covered_branches": 0, "missing_branches": 0}, "missing_lines": [], "excluded_lines": [], "executed_branches": [], "missing_branches": []}, "_resolve_table49_location": {"executed_lines": [287, 289, 290, 291, 292, 293, 295, 296, 297, 298, 300, 308, 309, 311], "summary": {"covered_lines": 14, "num_statements": 14, "percent_covered": 100.0, "percent_covered_display": "100", "missing_lines": 0, "excluded_lines": 0, "num_branches": 8, "num_partial_branches": 0, "covered_branches": 8, "missing_branches": 0}, "missing_lines": [], "excluded_lines": [], "executed_branches": [[290, 291], [290, 295], [292, 293], [292, 295], [297, 298], [297, 300], [308, 309], [308, 311]], "missing_branches": []}, "": {"executed_lines": [1, 24, 26, 27, 28, 29, 31, 32, 34, 35, 42, 43, 44, 46, 47, 55, 57, 65, 66, 68, 70, 87, 92, 97, 111, 128, 134, 153, 195, 210, 240, 281, 286], "summary": {"covered_lines": 31, "num_statements": 31, "percent_covered": 100.0, "percent_covered_display": "100", "missing_lines": 0, "excluded_lines": 0, "num_branches": 0, "num_partial_branches": 0, "covered_branches": 0, "missing_branches": 0}, "missing_lines": [], "excluded_lines": [], "executed_branches": [], "missing_branches": []}}, "classes": {"CBSTable49Collector": {"executed_lines": [78, 79, 80, 81, 88, 93, 99, 100, 101, 102, 103, 104, 105, 106, 107, 108, 109, 113, 114, 115, 116, 117, 118, 119, 120, 121, 122, 130, 131, 132, 136, 138, 139, 140, 141, 142, 143, 144, 145, 147, 154, 155, 158, 160, 161, 162, 163, 164, 165, 166, 167, 169, 170, 171, 172, 173, 175, 176, 177, 178, 180, 182, 183, 196, 197, 198, 199, 200, 201, 202], "summary": {"covered_lines": 70, "num_statements": 70, "percent_covered": 100.0, "percent_covered_display": "100", "missing_lines": 0, "excluded_lines": 0, "num_branches": 24, "num_partial_branches": 0, "covered_branches": 24, "missing_branches": 0}, "missing_lines": [], "excluded_lines": [], "executed_branches": [[103, 104], [103, 106], [117, 118], [117, 122], [140, 141], [140, 144], [142, 140], [142, 143], [144, 145], [144, 147], [154, 155], [154, 160], [162, 163], [162, 165], [165, 166], [165, 169], [175, -153], [175, 176], [177, 178], [177, 180], [197, 198], [197, 199], [200, 201], [200, 202]], "missing_branches": []}, "": {"executed_lines": [1, 24, 26, 27, 28, 29, 31, 32, 34, 35, 42, 43, 44, 46, 47, 55, 57, 65, 66, 68, 70, 87, 92, 97, 111, 128, 134, 153, 195, 210, 212, 213, 220, 221, 222, 223, 224, 225, 226, 227, 228, 229, 230, 231, 232, 233, 234, 235, 236, 237, 240, 247, 248, 250, 251, 252, 253, 254, 255, 256, 257, 258, 259, 260, 261, 262, 263, 264, 265, 266, 275, 276, 278, 281, 282, 283, 286, 287, 289, 290, 291, 292, 293, 295, 296, 297, 298, 300, 308, 309, 311], "summary": {"covered_lines": 89, "num_statements": 89, "percent_covered": 99.2, "percent_covered_display": "99", "missing_lines": 0, "excluded_lines": 0, "num_branches": 36, "num_partial_branches": 1, "covered_branches": 35, "missing_branches": 1}, "missing_lines": [], "excluded_lines": [], "executed_branches": [[221, 222], [221, 235], [222, 223], [222, 224], [225, 226], [225, 227], [228, 229], [228, 230], [230, 231], [230, 232], [233, 234], [235, 236], [235, 237], [250, 251], [250, 278], [252, 253], [252, 254], [255, 256], [255, 257], [257, 258], [257, 260], [260, 261], [260, 276], [261, 262], [261, 263], [264, 265], [264, 266], [290, 291], [290, 295], [292, 293], [292, 295], [297, 298], [297, 300], [308, 309], [308, 311]], "missing_branches": [[233, 221]]}}}, "src/rent_collector/collectors/data_gov_il.py": {"executed_lines": [1, 13, 15, 16, 17, 19, 21, 22, 23, 24, 26, 27, 34, 44, 56, 69, 70, 72, 77, 78, 80, 81, 82, 84, 86, 87, 88, 89, 90, 92, 93, 94, 96, 97, 98, 100, 102, 105, 107, 108, 109, 110, 111, 112, 113, 116, 118, 119, 120, 124, 125, 126, 127, 135, 136, 151, 153, 155, 157, 162, 163, 165, 166, 167, 168, 169, 170, 171, 175, 177, 178, 179, 180, 184, 185], "summary": {"covered_lines": 73, "num_statements": 73, "percent_covered": 100.0, "percent_covered_display": "100", "missing_lines": 0, "excluded_lines": 0, "num_branches": 16, "num_partial_branches": 0, "covered_branches": 16, "missing_branches": 0}, "missing_lines": [], "excluded_lines": [], "executed_branches": [[77, 78], [77, 81], [81, 82], [81, 84], [88, 89], [88, 92], [97, 98], [97, 100], [110, 111], [110, 112], [124, 125], [124, 126], [165, 166], [165, 175], [170, 165], [170, 171]], "missing_branches": [], "functions": {"ckan_datastore_search": {"executed_lines": [69, 70, 72, 77, 78, 80, 81, 82, 84, 86, 87, 88, 89, 90, 92, 93, 94, 96, 97, 98, 100, 102], "summary": {"covered_lines": 22, "num_statements": 22, "percent_covered": 100.0, "percent_covered_display": "100", "missing_lines": 0, "excluded_lines": 0, "num_branches": 8, "num_partial_branches": 0, "covered_branches": 8, "missing_branches": 0}, "missing_lines": [], "excluded_lines": [], "executed_branches": [[77, 78], [77, 81], [81, 82], [81, 84], [88, 89], [88, 92], [97, 98], [97, 100]], "missing_branches": []}, "ckan_package_search": {"executed_lines": [107, 108, 109, 110, 111, 112, 113], "summary": {"covered_lines": 7, "num_statements": 7, "percent_covered": 100.0, "percent_covered_display": "100", "missing_lines": 0, "excluded_lines": 0, "num_branches": 2, "num_partial_branches": 0, "covered_branches": 2, "missing_branches": 0}, "missing_lines": [], "excluded_lines": [], "executed_branches": [[110, 111], [110, 112]], "missing_branches": []}, "ckan_organization_datasets": {"executed_lines": [118, 119, 120, 124, 125, 126, 127], "summary": {"covered_lines": 7, "num_statements": 7, "percent_covered": 100.0, "percent_covered_display": "100", "missing_lines": 0, "excluded_lines": 0, "num_branches": 2, "num_partial_branches": 0, "covered_branches": 2, "missing_branches": 0}, "missing_lines": [], "excluded_lines": [], "executed_branches": [[124, 125], [124, 126]], "missing_branches": []}, "DataGovILCollector.collect": {"executed_lines": [155], "summary": {"covered_lines": 1, "num_statements": 1, "percent_covered": 100.0, "percent_covered_display": "100", "missing_lines": 0, "excluded_lines": 0, "num_branches": 0, "num_partial_branches": 0, "covered_branches": 0, "missing_branches": 0}, "missing_lines": [], "excluded_lines": [], "executed_branches": [], "missing_branches": []}, "DataGovILCollector.discover_datasets": {"executed_lines": [162, 163, 165, 166, 167, 168, 169, 170, 171, 175], "summary": {"covered_lines": 10, "num_statements": 10, "percent_covered": 100.0, "percent_covered_display": "100", "missing_lines": 0, "excluded_lines": 0, "num_branches": 4, "num_partial_branches": 0, "covered_branches": 4, "missing_branches": 0}, "missing_lines": [], "excluded_lines": [], "executed_branches": [[165, 166], [165, 175], [170, 165], [170, 171]], "missing_branches": []}, "DataGovILCollector.probe": {"executed_lines": [178, 179, 180, 184, 185], "summary": {"covered_lines": 5, "num_statements": 5, "percent_covered": 100.0, "percent_covered_display": "100", "missing_lines": 0, "excluded_lines": 0, "num_branches": 0, "num_partial_branches": 0, "covered_branches": 0, "missing_branches": 0}, "missing_lines": [], "excluded_lines": [], "executed_branches": [], "missing_branches": []}, "": {"executed_lines": [1, 13, 15, 16, 17, 19, 21, 22, 23, 24, 26, 27, 34, 44, 56, 105, 116, 135, 136, 151, 153, 157, 177], "summary": {"covered_lines": 21, "num_statements": 21, "percent_covered": 100.0, "percent_covered_display": "100", "missing_lines": 0, "excluded_lines": 0, "num_branches": 0, "num_partial_branches": 0, "covered_branches": 0, "missing_branches": 0}, "missing_lines": [], "excluded_lines": [], "executed_branches": [], "missing_branches": []}}, "classes": {"DataGovILCollector": {"executed_lines": [155, 162, 163, 165, 166, 167, 168, 169, 170, 171, 175, 178, 179, 180, 184, 185], "summary": {"covered_lines": 16, "num_statements": 16, "percent_covered": 100.0, "percent_covered_display": "100", "missing_lines": 0, "excluded_lines": 0, "num_branches": 4, "num_partial_branches": 0, "covered_branches": 4, "missing_branches": 0}, "missing_lines": [], "excluded_lines": [], "executed_branches": [[165, 166], [165, 175], [170, 165], [170, 171]], "missing_branches": []}, "": {"executed_lines": [1, 13, 15, 16, 17, 19, 21, 22, 23, 24, 26, 27, 34, 44, 56, 69, 70, 72, 77, 78, 80, 81, 82, 84, 86, 87, 88, 89, 90, 92, 93, 94, 96, 97, 98, 100, 102, 105, 107, 108, 109, 110, 111, 112, 113, 116, 118, 119, 120, 124, 125, 126, 127, 135, 136, 151, 153, 157, 177], "summary": {"covered_lines": 57, "num_statements": 57, "percent_covered": 100.0, "percent_covered_display": "100", "missing_lines": 0, "excluded_lines": 0, "num_branches": 12, "num_partial_branches": 0, "covered_branches": 12, "missing_branches": 0}, "missing_lines": [], "excluded_lines": [], "executed_branches": [[77, 78], [77, 81], [81, 82], [81, 84], [88, 89], [88, 92], [97, 98], [97, 100], [110, 111], [110, 112], [124, 125], [124, 126]], "missing_branches": []}}}, "src/rent_collector/collectors/nadlan.py": {"executed_lines": [1, 28, 30, 31, 32, 34, 35, 36, 38, 39, 46, 47, 48, 50, 51, 60, 86, 87, 89, 91, 97, 99, 100, 106, 114, 115, 117, 118, 119, 120, 121, 122, 127, 128, 129, 130, 131, 132, 133, 135, 139, 140, 145, 146, 147, 149, 150, 156, 163, 164, 166, 167, 169, 170, 171, 172, 173, 175, 176, 177, 179, 180, 181, 182, 183, 184, 185, 191, 193, 194, 196, 198, 199, 200, 201, 202, 203, 205, 206, 208, 209, 211, 212, 213, 214, 216, 218, 232, 233, 235, 237, 238, 240, 241, 242, 243, 244, 246, 247, 249, 252, 253, 254, 255, 256, 257, 258, 259, 260, 263, 264, 266, 271, 272, 273, 274, 275, 276, 277, 279, 285, 286, 287, 299, 306, 307, 308, 310, 311, 312, 315, 317, 318, 321, 322, 324, 325, 332, 333, 339, 340, 347, 348, 354, 362, 364, 365, 366, 367, 368, 369, 370, 372, 373, 376, 389, 390, 397, 398, 399, 400, 401, 402, 403, 404, 405, 406, 407, 408, 409, 410, 411, 412, 413, 414, 415, 416, 418, 419, 424, 437, 440, 441, 442, 443, 444, 445, 448, 449, 450, 451, 452, 453, 454, 455, 456, 459, 460, 461, 462, 463, 464, 465, 466, 467, 468, 469, 472, 473, 474, 485, 488, 496, 501, 502, 503, 504, 506, 507, 508, 509, 510, 513, 522, 523, 526, 533, 534, 535, 537, 538, 540, 541, 543, 544, 545, 547, 560, 571, 572, 573, 588, 590, 591, 592, 593, 594, 595, 596, 597, 600, 601, 602, 603, 604, 605, 606, 607, 608, 609, 610, 613, 614, 615, 616, 617, 618, 619, 620, 622, 623, 625, 626, 627, 628, 630], "summary": {"covered_lines": 274, "num_statements": 274, "percent_covered": 99.74358974358974, "percent_covered_display": "99", "missing_lines": 0, "excluded_lines": 0, "num_branches": 116, "num_partial_branches": 1, "covered_branches": 115, "missing_branches": 1}, "missing_lines": [], "excluded_lines": [], "executed_branches": [[117, 118], [117, 149], [127, 128], [127, 145], [130, 131], [130, 135], [163, 164], [163, 166], [169, -156], [169, 170], [171, 172], [171, 175], [175, 176], [175, 179], [182, 169], [182, 183], [193, 194], [193, 196], [208, 209], [208, 211], [246, 247], [246, 249], [254, 255], [254, 263], [263, 264], [263, 279], [271, 263], [271, 272], [306, 307], [306, 308], [310, 311], [310, 312], [321, 322], [321, 324], [324, 325], [324, 332], [332, 333], [332, 339], [339, 340], [339, 347], [347, 348], [347, 354], [364, 365], [364, 368], [366, 367], [366, 368], [368, 369], [368, 370], [397, 398], [397, 440], [400, 401], [400, 440], [401, 402], [401, 437], [402, 403], [402, 404], [405, 406], [405, 407], [413, 414], [413, 415], [415, 416], [415, 418], [440, 441], [440, 448], [441, 442], [441, 445], [443, 441], [443, 444], [448, 449], [449, 450], [449, 459], [451, 449], [451, 452], [452, 453], [452, 456], [454, 452], [454, 455], [459, 460], [459, 488], [461, 459], [461, 462], [462, 463], [462, 485], [463, 464], [463, 465], [466, 467], [466, 468], [472, 473], [472, 474], [506, -496], [506, 507], [508, 506], [508, 509], [522, 523], [522, 526], [534, 535], [534, 537], [540, 541], [540, 543], [591, 592], [591, 593], [601, 602], [601, 610], [603, 601], [603, 604], [606, 601], [606, 607], [615, 616], [615, 622], [616, 617], [616, 618], [618, 619], [618, 620], [622, 623], [622, 625]], "missing_branches": [[448, 488]], "functions": {"NadlanCollector.__init__": {"executed_lines": [97, 99, 100], "summary": {"covered_lines": 3, "num_statements": 3, "percent_covered": 100.0, "percent_covered_display": "100", "missing_lines": 0, "excluded_lines": 0, "num_branches": 0, "num_partial_branches": 0, "covered_branches": 0, "missing_branches": 0}, "missing_lines": [], "excluded_lines": [], "executed_branches": [], "missing_branches": []}, "NadlanCollector.discover_endpoint": {"executed_lines": [114, 115, 117, 118, 119, 120, 121, 122, 127, 128, 129, 130, 131, 132, 133, 135, 139, 140, 145, 146, 147, 149, 150], "summary": {"covered_lines": 23, "num_statements": 23, "percent_covered": 100.0, "percent_covered_display": "100", "missing_lines": 0, "excluded_lines": 0, "num_branches": 6, "num_partial_branches": 0, "covered_branches": 6, "missing_branches": 0}, "missing_lines": [], "excluded_lines": [], "executed_branches": [[117, 118], [117, 149], [127, 128], [127, 145], [130, 131], [130, 135]], "missing_branches": []}, "NadlanCollector.collect": {"executed_lines": [163, 164, 166, 167, 169, 170, 171, 172, 173, 175, 176, 177, 179, 180, 181, 182, 183, 184, 185], "summary": {"covered_lines": 19, "num_statements": 19, "percent_covered": 100.0, "percent_covered_display": "100", "missing_lines": 0, "excluded_lines": 0, "num_branches": 10, "num_partial_branches": 0, "covered_branches": 10, "missing_branches": 0}, "missing_lines": [], "excluded_lines": [], "executed_branches": [[163, 164], [163, 166], [169, -156], [169, 170], [171, 172], [171, 175], [175, 176], [175, 179], [182, 169], [182, 183]], "missing_branches": []}, "NadlanCollector._fetch_locality": {"executed_lines": [193, 194, 196], "summary": {"covered_lines": 3, "num_statements": 3, "percent_covered": 100.0, "percent_covered_display": "100", "missing_lines": 0, "excluded_lines": 0, "num_branches": 2, "num_partial_branches": 0, "covered_branches": 2, "missing_branches": 0}, "missing_lines": [], "excluded_lines": [], "executed_branches": [[193, 194], [193, 196]], "missing_branches": []}, "NadlanCollector._fetch_via_api": {"executed_lines": [199, 200, 201, 202, 203, 205, 206, 208, 209, 211, 212, 213, 214, 216], "summary": {"covered_lines": 14, "num_statements": 14, "percent_covered": 100.0, "percent_covered_display": "100", "missing_lines": 0, "excluded_lines": 0, "num_branches": 2, "num_partial_branches": 0, "covered_branches": 2, "missing_branches": 0}, "missing_lines": [], "excluded_lines": [], "executed_branches": [[208, 209], [208, 211]], "missing_branches": []}, "NadlanCollector._fetch_via_html": {"executed_lines": [232, 233, 235, 237, 238, 240, 241, 242, 243, 244, 246, 247, 249, 252, 253, 254, 255, 256, 257, 258, 259, 260, 263, 264, 266, 271, 272, 273, 274, 275, 276, 277, 279], "summary": {"covered_lines": 33, "num_statements": 33, "percent_covered": 100.0, "percent_covered_display": "100", "missing_lines": 0, "excluded_lines": 0, "num_branches": 8, "num_partial_branches": 0, "covered_branches": 8, "missing_branches": 0}, "missing_lines": [], "excluded_lines": [], "executed_branches": [[246, 247], [246, 249], [254, 255], [254, 263], [263, 264], [263, 279], [271, 263], [271, 272]], "missing_branches": []}, "NadlanCollector.probe": {"executed_lines": [286, 287], "summary": {"covered_lines": 2, "num_statements": 2, "percent_covered": 100.0, "percent_covered_display": "100", "missing_lines": 0, "excluded_lines": 0, "num_branches": 0, "num_partial_branches": 0, "covered_branches": 0, "missing_branches": 0}, "missing_lines": [], "excluded_lines": [], "executed_branches": [], "missing_branches": []}, "_base_url_for_pattern": {"executed_lines": [306, 307, 308, 310, 311, 312], "summary": {"covered_lines": 6, "num_statements": 6, "percent_covered": 100.0, "percent_covered_display": "100", "missing_lines": 0, "excluded_lines": 0, "num_branches": 4, "num_partial_branches": 0, "covered_branches": 4, "missing_branches": 0}, "missing_lines": [], "excluded_lines": [], "executed_branches": [[306, 307], [306, 308], [310, 311], [310, 312]], "missing_branches": []}, "_build_params": {"executed_lines": [317, 318, 321, 322, 324, 325, 332, 333, 339, 340, 347, 348, 354], "summary": {"covered_lines": 13, "num_statements": 13, "percent_covered": 100.0, "percent_covered_display": "100", "missing_lines": 0, "excluded_lines": 0, "num_branches": 10, "num_partial_branches": 0, "covered_branches": 10, "missing_branches": 0}, "missing_lines": [], "excluded_lines": [], "executed_branches": [[321, 322], [321, 324], [324, 325], [324, 332], [332, 333], [332, 339], [339, 340], [339, 347], [347, 348], [347, 354]], "missing_branches": []}, "_looks_like_rent_data": {"executed_lines": [364, 365, 366, 367, 368, 369, 370, 372, 373], "summary": {"covered_lines": 9, "num_statements": 9, "percent_covered": 100.0, "percent_covered_display": "100", "missing_lines": 0, "excluded_lines": 0, "num_branches": 6, "num_partial_branches": 0, "covered_branches": 6, "missing_branches": 0}, "missing_lines": [], "excluded_lines": [], "executed_branches": [[364, 365], [364, 368], [366, 367], [366, 368], [368, 369], [368, 370]], "missing_branches": []}, "_parse_response": {"executed_lines": [389, 390, 397, 398, 399, 400, 401, 402, 403, 404, 405, 406, 407, 408, 409, 410, 411, 412, 413, 414, 415, 416, 418, 419, 424, 437, 440, 441, 442, 443, 444, 445, 448, 449, 450, 451, 452, 453, 454, 455, 456, 459, 460, 461, 462, 463, 464, 465, 466, 467, 468, 469, 472, 473, 474, 485, 488], "summary": {"covered_lines": 57, "num_statements": 57, "percent_covered": 98.98989898989899, "percent_covered_display": "99", "missing_lines": 0, "excluded_lines": 0, "num_branches": 42, "num_partial_branches": 1, "covered_branches": 41, "missing_branches": 1}, "missing_lines": [], "excluded_lines": [], "executed_branches": [[397, 398], [397, 440], [400, 401], [400, 440], [401, 402], [401, 437], [402, 403], [402, 404], [405, 406], [405, 407], [413, 414], [413, 415], [415, 416], [415, 418], [440, 441], [440, 448], [441, 442], [441, 445], [443, 441], [443, 444], [448, 449], [449, 450], [449, 459], [451, 449], [451, 452], [452, 453], [452, 456], [454, 452], [454, 455], [459, 460], [459, 488], [461, 459], [461, 462], [462, 463], [462, 485], [463, 464], [463, 465], [466, 467], [466, 468], [472, 473], [472, 474]], "missing_branches": [[448, 488]]}, "_parse_nextjs_blob": {"executed_lines": [501, 502, 503, 504, 506, 507, 508, 509, 510], "summary": {"covered_lines": 9, "num_statements": 9, "percent_covered": 100.0, "percent_covered_display": "100", "missing_lines": 0, "excluded_lines": 0, "num_branches": 4, "num_partial_branches": 0, "covered_branches": 4, "missing_branches": 0}, "missing_lines": [], "excluded_lines": [], "executed_branches": [[506, -496], [506, 507], [508, 506], [508, 509]], "missing_branches": []}, "_item_to_observation": {"executed_lines": [522, 523, 526, 533, 534, 535, 537, 538, 540, 541, 543, 544, 545, 547], "summary": {"covered_lines": 14, "num_statements": 14, "percent_covered": 100.0, "percent_covered_display": "100", "missing_lines": 0, "excluded_lines": 0, "num_branches": 6, "num_partial_branches": 0, "covered_branches": 6, "missing_branches": 0}, "missing_lines": [], "excluded_lines": [], "executed_branches": [[522, 523], [522, 526], [534, 535], [534, 537], [540, 541], [540, 543]], "missing_branches": []}, "_make_observation": {"executed_lines": [571, 572, 573], "summary": {"covered_lines": 3, "num_statements": 3, "percent_covered": 100.0, "percent_covered_display": "100", "missing_lines": 0, "excluded_lines": 0, "num_branches": 0, "num_partial_branches": 0, "covered_branches": 0, "missing_branches": 0}, "missing_lines": [], "excluded_lines": [], "executed_branches": [], "missing_branches": []}, "_parse_room_group": {"executed_lines": [590, 591, 592, 593, 594, 595, 596, 597], "summary": {"covered_lines": 8, "num_statements": 8, "percent_covered": 100.0, "percent_covered_display": "100", "missing_lines": 0, "excluded_lines": 0, "num_branches": 2, "num_partial_branches": 0, "covered_branches": 2, "missing_branches": 0}, "missing_lines": [], "excluded_lines": [], "executed_branches": [[591, 592], [591, 593]], "missing_branches": []}, "_extract_price": {"executed_lines": [601, 602, 603, 604, 605, 606, 607, 608, 609, 610], "summary": {"covered_lines": 10, "num_statements": 10, "percent_covered": 100.0, "percent_covered_display": "100", "missing_lines": 0, "excluded_lines": 0, "num_branches": 6, "num_partial_branches": 0, "covered_branches": 6, "missing_branches": 0}, "missing_lines": [], "excluded_lines": [], "executed_branches": [[601, 602], [601, 610], [603, 601], [603, 604], [606, 601], [606, 607]], "missing_branches": []}, "_latest_graph_point": {"executed_lines": [614, 615, 616, 617, 618, 619, 620, 622, 623, 625, 630], "summary": {"covered_lines": 11, "num_statements": 11, "percent_covered": 100.0, "percent_covered_display": "100", "missing_lines": 0, "excluded_lines": 0, "num_branches": 8, "num_partial_branches": 0, "covered_branches": 8, "missing_branches": 0}, "missing_lines": [], "excluded_lines": [], "executed_branches": [[615, 616], [615, 622], [616, 617], [616, 618], [618, 619], [618, 620], [622, 623], [622, 625]], "missing_branches": []}, "_latest_graph_point._sort_key": {"executed_lines": [626, 627, 628], "summary": {"covered_lines": 3, "num_statements": 3, "percent_covered": 100.0, "percent_covered_display": "100", "missing_lines": 0, "excluded_lines": 0, "num_branches": 0, "num_partial_branches": 0, "covered_branches": 0, "missing_branches": 0}, "missing_lines": [], "excluded_lines": [], "executed_branches": [], "missing_branches": []}, "": {"executed_lines": [1, 28, 30, 31, 32, 34, 35, 36, 38, 39, 46, 47, 48, 50, 51, 60, 86, 87, 89, 91, 106, 156, 191, 198, 218, 285, 299, 315, 362, 376, 496, 513, 560, 588, 600, 613], "summary": {"covered_lines": 34, "num_statements": 34, "percent_covered": 100.0, "percent_covered_display": "100", "missing_lines": 0, "excluded_lines": 0, "num_branches": 0, "num_partial_branches": 0, "covered_branches": 0, "missing_branches": 0}, "missing_lines": [], "excluded_lines": [], "executed_branches": [], "missing_branches": []}}, "classes": {"NadlanCollector": {"executed_lines": [97, 99, 100, 114, 115, 117, 118, 119, 120, 121, 122, 127, 128, 129, 130, 131, 132, 133, 135, 139, 140, 145, 146, 147, 149, 150, 163, 164, 166, 167, 169, 170, 171, 172, 173, 175, 176, 177, 179, 180, 181, 182, 183, 184, 185, 193, 194, 196, 199, 200, 201, 202, 203, 205, 206, 208, 209, 211, 212, 213, 214, 216, 232, 233, 235, 237, 238, 240, 241, 242, 243, 244, 246, 247, 249, 252, 253, 254, 255, 256, 257, 258, 259, 260, 263, 264, 266, 271, 272, 273, 274, 275, 276, 277, 279, 286, 287], "summary": {"covered_lines": 97, "num_statements": 97, "percent_covered": 100.0, "percent_covered_display": "100", "missing_lines": 0, "excluded_lines": 0, "num_branches": 28, "num_partial_branches": 0, "covered_branches": 28, "missing_branches": 0}, "missing_lines": [], "excluded_lines": [], "executed_branches": [[117, 118], [117, 149], [127, 128], [127, 145], [130, 131], [130, 135], [163, 164], [163, 166], [169, -156], [169, 170], [171, 172], [171, 175], [175, 176], [175, 179], [182, 169], [182, 183], [193, 194], [193, 196], [208, 209], [208, 211], [246, 247], [246, 249], [254, 255], [254, 263], [263, 264], [263, 279], [271, 263], [271, 272]], "missing_branches": []}, "": {"executed_lines": [1, 28, 30, 31, 32, 34, 35, 36, 38, 39, 46, 47, 48, 50, 51, 60, 86, 87, 89, 91, 106, 156, 191, 198, 218, 285, 299, 306, 307, 308, 310, 311, 312, 315, 317, 318, 321, 322, 324, 325, 332, 333, 339, 340, 347, 348, 354, 362, 364, 365, 366, 367, 368, 369, 370, 372, 373, 376, 389, 390, 397, 398, 399, 400, 401, 402, 403, 404, 405, 406, 407, 408, 409, 410, 411, 412, 413, 414, 415, 416, 418, 419, 424, 437, 440, 441, 442, 443, 444, 445, 448, 449, 450, 451, 452, 453, 454, 455, 456, 459, 460, 461, 462, 463, 464, 465, 466, 467, 468, 469, 472, 473, 474, 485, 488, 496, 501, 502, 503, 504, 506, 507, 508, 509, 510, 513, 522, 523, 526, 533, 534, 535, 537, 538, 540, 541, 543, 544, 545, 547, 560, 571, 572, 573, 588, 590, 591, 592, 593, 594, 595, 596, 597, 600, 601, 602, 603, 604, 605, 606, 607, 608, 609, 610, 613, 614, 615, 616, 617, 618, 619, 620, 622, 623, 625, 626, 627, 628, 630], "summary": {"covered_lines": 177, "num_statements": 177, "percent_covered": 99.62264150943396, "percent_covered_display": "99", "missing_lines": 0, "excluded_lines": 0, "num_branches": 88, "num_partial_branches": 1, "covered_branches": 87, "missing_branches": 1}, "missing_lines": [], "excluded_lines": [], "executed_branches": [[306, 307], [306, 308], [310, 311], [310, 312], [321, 322], [321, 324], [324, 325], [324, 332], [332, 333], [332, 339], [339, 340], [339, 347], [347, 348], [347, 354], [364, 365], [364, 368], [366, 367], [366, 368], [368, 369], [368, 370], [397, 398], [397, 440], [400, 401], [400, 440], [401, 402], [401, 437], [402, 403], [402, 404], [405, 406], [405, 407], [413, 414], [413, 415], [415, 416], [415, 418], [440, 441], [440, 448], [441, 442], [441, 445], [443, 441], [443, 444], [448, 449], [449, 450], [449, 459], [451, 449], [451, 452], [452, 453], [452, 456], [454, 452], [454, 455], [459, 460], [459, 488], [461, 459], [461, 462], [462, 463], [462, 485], [463, 464], [463, 465], [466, 467], [466, 468], [472, 473], [472, 474], [506, -496], [506, 507], [508, 506], [508, 509], [522, 523], [522, 526], [534, 535], [534, 537], [540, 541], [540, 543], [591, 592], [591, 593], [601, 602], [601, 610], [603, 601], [603, 604], [606, 601], [606, 607], [615, 616], [615, 622], [616, 617], [616, 618], [618, 619], [618, 620], [622, 623], [622, 625]], "missing_branches": [[448, 488]]}}}, "src/rent_collector/config.py": {"executed_lines": [1, 7, 9, 10, 12, 14, 20, 21, 22, 23, 25, 32, 35, 38, 41, 51, 52, 57, 62, 77, 78, 84, 91, 100, 104, 109, 110, 111, 117, 121, 127, 133, 134], "summary": {"covered_lines": 32, "num_statements": 32, "percent_covered": 100.0, "percent_covered_display": "100", "missing_lines": 0, "excluded_lines": 0, "num_branches": 0, "num_partial_branches": 0, "covered_branches": 0, "missing_branches": 0}, "missing_lines": [], "excluded_lines": [], "executed_branches": [], "missing_branches": [], "functions": {"": {"executed_lines": [1, 7, 9, 10, 12, 14, 20, 21, 22, 23, 25, 32, 35, 38, 41, 51, 52, 57, 62, 77, 78, 84, 91, 100, 104, 109, 110, 111, 117, 121, 127, 133, 134], "summary": {"covered_lines": 32, "num_statements": 32, "percent_covered": 100.0, "percent_covered_display": "100", "missing_lines": 0, "excluded_lines": 0, "num_branches": 0, "num_partial_branches": 0, "covered_branches": 0, "missing_branches": 0}, "missing_lines": [], "excluded_lines": [], "executed_branches": [], "missing_branches": []}}, "classes": {"": {"executed_lines": [1, 7, 9, 10, 12, 14, 20, 21, 22, 23, 25, 32, 35, 38, 41, 51, 52, 57, 62, 77, 78, 84, 91, 100, 104, 109, 110, 111, 117, 121, 127, 133, 134], "summary": {"covered_lines": 32, "num_statements": 32, "percent_covered": 100.0, "percent_covered_display": "100", "missing_lines": 0, "excluded_lines": 0, "num_branches": 0, "num_partial_branches": 0, "covered_branches": 0, "missing_branches": 0}, "missing_lines": [], "excluded_lines": [], "executed_branches": [], "missing_branches": []}}}, "src/rent_collector/models.py": {"executed_lines": [1, 5, 7, 8, 9, 11, 12, 19, 20, 22, 23, 24, 25, 26, 29, 30, 37, 38, 39, 40, 41, 42, 43, 44, 45, 46, 48, 49, 51, 52, 53, 54, 55, 56, 57, 58, 66, 67, 72, 75, 76, 80, 81, 85, 89, 94, 95, 98, 101, 105, 107, 108, 109, 111, 112, 113, 114, 115, 116, 117, 118, 119, 120, 128, 129, 131, 132, 133, 134, 135, 136, 137, 138, 139, 147, 148, 160, 161, 162, 165, 168, 173, 177, 180, 181], "summary": {"covered_lines": 79, "num_statements": 79, "percent_covered": 100.0, "percent_covered_display": "100", "missing_lines": 0, "excluded_lines": 0, "num_branches": 8, "num_partial_branches": 0, "covered_branches": 8, "missing_branches": 0}, "missing_lines": [], "excluded_lines": [], "executed_branches": [[51, 52], [51, 53], [111, 112], [111, 113], [116, 117], [116, 118], [118, 119], [118, 120]], "missing_branches": [], "functions": {"RoomGroup.from_float": {"executed_lines": [51, 52, 53, 54, 55, 56, 57, 58], "summary": {"covered_lines": 8, "num_statements": 8, "percent_covered": 100.0, "percent_covered_display": "100", "missing_lines": 0, "excluded_lines": 0, "num_branches": 2, "num_partial_branches": 0, "covered_branches": 2, "missing_branches": 0}, "missing_lines": [], "excluded_lines": [], "executed_branches": [[51, 52], [51, 53]], "missing_branches": []}, "RentObservation._set_best_rent": {"executed_lines": [111, 112, 113, 114, 115, 116, 117, 118, 119, 120], "summary": {"covered_lines": 10, "num_statements": 10, "percent_covered": 100.0, "percent_covered_display": "100", "missing_lines": 0, "excluded_lines": 0, "num_branches": 6, "num_partial_branches": 0, "covered_branches": 6, "missing_branches": 0}, "missing_lines": [], "excluded_lines": [], "executed_branches": [[111, 112], [111, 113], [116, 117], [116, 118], [118, 119], [118, 120]], "missing_branches": []}, "": {"executed_lines": [1, 5, 7, 8, 9, 11, 12, 19, 20, 22, 23, 24, 25, 26, 29, 30, 37, 38, 39, 40, 41, 42, 43, 44, 45, 46, 48, 49, 66, 67, 72, 75, 76, 80, 81, 85, 89, 94, 95, 98, 101, 105, 107, 108, 109, 128, 129, 131, 132, 133, 134, 135, 136, 137, 138, 139, 147, 148, 160, 161, 162, 165, 168, 173, 177, 180, 181], "summary": {"covered_lines": 61, "num_statements": 61, "percent_covered": 100.0, "percent_covered_display": "100", "missing_lines": 0, "excluded_lines": 0, "num_branches": 0, "num_partial_branches": 0, "covered_branches": 0, "missing_branches": 0}, "missing_lines": [], "excluded_lines": [], "executed_branches": [], "missing_branches": []}}, "classes": {"DataSource": {"executed_lines": [], "summary": {"covered_lines": 0, "num_statements": 0, "percent_covered": 100.0, "percent_covered_display": "100", "missing_lines": 0, "excluded_lines": 0, "num_branches": 0, "num_partial_branches": 0, "covered_branches": 0, "missing_branches": 0}, "missing_lines": [], "excluded_lines": [], "executed_branches": [], "missing_branches": []}, "RoomGroup": {"executed_lines": [51, 52, 53, 54, 55, 56, 57, 58], "summary": {"covered_lines": 8, "num_statements": 8, "percent_covered": 100.0, "percent_covered_display": "100", "missing_lines": 0, "excluded_lines": 0, "num_branches": 2, "num_partial_branches": 0, "covered_branches": 2, "missing_branches": 0}, "missing_lines": [], "excluded_lines": [], "executed_branches": [[51, 52], [51, 53]], "missing_branches": []}, "RentObservation": {"executed_lines": [111, 112, 113, 114, 115, 116, 117, 118, 119, 120], "summary": {"covered_lines": 10, "num_statements": 10, "percent_covered": 100.0, "percent_covered_display": "100", "missing_lines": 0, "excluded_lines": 0, "num_branches": 6, "num_partial_branches": 0, "covered_branches": 6, "missing_branches": 0}, "missing_lines": [], "excluded_lines": [], "executed_branches": [[111, 112], [111, 113], [116, 117], [116, 118], [118, 119], [118, 120]], "missing_branches": []}, "Locality": {"executed_lines": [], "summary": {"covered_lines": 0, "num_statements": 0, "percent_covered": 100.0, "percent_covered_display": "100", "missing_lines": 0, "excluded_lines": 0, "num_branches": 0, "num_partial_branches": 0, "covered_branches": 0, "missing_branches": 0}, "missing_lines": [], "excluded_lines": [], "executed_branches": [], "missing_branches": []}, "BoIHedonicCoefficients": {"executed_lines": [], "summary": {"covered_lines": 0, "num_statements": 0, "percent_covered": 100.0, "percent_covered_display": "100", "missing_lines": 0, "excluded_lines": 0, "num_branches": 0, "num_partial_branches": 0, "covered_branches": 0, "missing_branches": 0}, "missing_lines": [], "excluded_lines": [], "executed_branches": [], "missing_branches": []}, "": {"executed_lines": [1, 5, 7, 8, 9, 11, 12, 19, 20, 22, 23, 24, 25, 26, 29, 30, 37, 38, 39, 40, 41, 42, 43, 44, 45, 46, 48, 49, 66, 67, 72, 75, 76, 80, 81, 85, 89, 94, 95, 98, 101, 105, 107, 108, 109, 128, 129, 131, 132, 133, 134, 135, 136, 137, 138, 139, 147, 148, 160, 161, 162, 165, 168, 173, 177, 180, 181], "summary": {"covered_lines": 61, "num_statements": 61, "percent_covered": 100.0, "percent_covered_display": "100", "missing_lines": 0, "excluded_lines": 0, "num_branches": 0, "num_partial_branches": 0, "covered_branches": 0, "missing_branches": 0}, "missing_lines": [], "excluded_lines": [], "executed_branches": [], "missing_branches": []}}}, "src/rent_collector/pipeline.py": {"executed_lines": [1, 16, 18, 19, 21, 22, 23, 25, 26, 27, 28, 29, 30, 31, 32, 33, 35, 36, 39, 48, 49, 52, 74, 75, 80, 81, 82, 85, 86, 91, 93, 101, 102, 103, 104, 105, 107, 108, 109, 110, 111, 112, 113, 114, 116, 117, 120, 125, 126, 127, 132, 133, 138, 139, 140, 142, 144, 145, 153, 155, 156, 163, 164, 165, 166, 167, 168, 176, 181, 182, 185, 186, 187, 188, 189, 192, 205, 206, 207, 209, 212, 213, 225, 226, 229, 237, 239, 240, 242, 243, 245, 246, 247, 248, 250, 251, 255, 259, 260, 261, 262, 266, 267, 269, 274, 275, 276, 277, 280, 282, 283, 285, 286, 287, 288, 289, 290, 292, 293, 299, 302, 303, 304, 305, 307, 308, 309], "summary": {"covered_lines": 125, "num_statements": 125, "percent_covered": 100.0, "percent_covered_display": "100", "missing_lines": 0, "excluded_lines": 0, "num_branches": 28, "num_partial_branches": 0, "covered_branches": 28, "missing_branches": 0}, "missing_lines": [], "excluded_lines": [], "executed_branches": [[85, 86], [85, 91], [101, 102], [101, 116], [103, 104], [103, 107], [116, 117], [116, 125], [132, 133], [132, 138], [138, 139], [138, 142], [163, 164], [163, 168], [239, 240], [239, 242], [242, 243], [242, 245], [250, 251], [250, 259], [261, 262], [261, 269], [282, 283], [282, 285], [292, 293], [292, 299], [307, 308], [307, 309]], "missing_branches": [], "functions": {"run_pipeline": {"executed_lines": [74, 75, 80, 81, 82, 85, 86, 91, 93, 101, 102, 103, 104, 105, 107, 108, 109, 110, 111, 112, 113, 114, 116, 117, 120, 125, 126, 127, 132, 133, 138, 139, 140, 142, 144, 145], "summary": {"covered_lines": 36, "num_statements": 36, "percent_covered": 100.0, "percent_covered_display": "100", "missing_lines": 0, "excluded_lines": 0, "num_branches": 12, "num_partial_branches": 0, "covered_branches": 12, "missing_branches": 0}, "missing_lines": [], "excluded_lines": [], "executed_branches": [[85, 86], [85, 91], [101, 102], [101, 116], [103, 104], [103, 107], [116, 117], [116, 125], [132, 133], [132, 138], [138, 139], [138, 142]], "missing_branches": []}, "probe_all": {"executed_lines": [155, 156, 163, 164, 165, 166, 167, 168], "summary": {"covered_lines": 8, "num_statements": 8, "percent_covered": 100.0, "percent_covered_display": "100", "missing_lines": 0, "excluded_lines": 0, "num_branches": 2, "num_partial_branches": 0, "covered_branches": 2, "missing_branches": 0}, "missing_lines": [], "excluded_lines": [], "executed_branches": [[163, 164], [163, 168]], "missing_branches": []}, "_merge_observations": {"executed_lines": [181, 182, 185, 186, 187, 188, 189, 192, 205, 206, 207, 209], "summary": {"covered_lines": 12, "num_statements": 12, "percent_covered": 100.0, "percent_covered_display": "100", "missing_lines": 0, "excluded_lines": 0, "num_branches": 0, "num_partial_branches": 0, "covered_branches": 0, "missing_branches": 0}, "missing_lines": [], "excluded_lines": [], "executed_branches": [], "missing_branches": []}, "_save_crosswalk": {"executed_lines": [213, 225, 226], "summary": {"covered_lines": 3, "num_statements": 3, "percent_covered": 100.0, "percent_covered_display": "100", "missing_lines": 0, "excluded_lines": 0, "num_branches": 0, "num_partial_branches": 0, "covered_branches": 0, "missing_branches": 0}, "missing_lines": [], "excluded_lines": [], "executed_branches": [], "missing_branches": []}, "_validate": {"executed_lines": [237, 239, 240, 242, 243, 245, 246, 247, 248, 250, 251, 255, 259, 260, 261, 262, 266, 267, 269, 274, 275, 276, 277], "summary": {"covered_lines": 23, "num_statements": 23, "percent_covered": 100.0, "percent_covered_display": "100", "missing_lines": 0, "excluded_lines": 0, "num_branches": 8, "num_partial_branches": 0, "covered_branches": 8, "missing_branches": 0}, "missing_lines": [], "excluded_lines": [], "executed_branches": [[239, 240], [239, 242], [242, 243], [242, 245], [250, 251], [250, 259], [261, 262], [261, 269]], "missing_branches": []}, "_print_summary": {"executed_lines": [282, 283, 285, 286, 287, 288, 289, 290, 292, 293, 299, 302, 303, 304, 305, 307, 308, 309], "summary": {"covered_lines": 18, "num_statements": 18, "percent_covered": 100.0, "percent_covered_display": "100", "missing_lines": 0, "excluded_lines": 0, "num_branches": 6, "num_partial_branches": 0, "covered_branches": 6, "missing_branches": 0}, "missing_lines": [], "excluded_lines": [], "executed_branches": [[282, 283], [282, 285], [292, 293], [292, 299], [307, 308], [307, 309]], "missing_branches": []}, "": {"executed_lines": [1, 16, 18, 19, 21, 22, 23, 25, 26, 27, 28, 29, 30, 31, 32, 33, 35, 36, 39, 48, 49, 52, 153, 176, 212, 229, 280], "summary": {"covered_lines": 25, "num_statements": 25, "percent_covered": 100.0, "percent_covered_display": "100", "missing_lines": 0, "excluded_lines": 0, "num_branches": 0, "num_partial_branches": 0, "covered_branches": 0, "missing_branches": 0}, "missing_lines": [], "excluded_lines": [], "executed_branches": [], "missing_branches": []}}, "classes": {"ValidationFailedError": {"executed_lines": [], "summary": {"covered_lines": 0, "num_statements": 0, "percent_covered": 100.0, "percent_covered_display": "100", "missing_lines": 0, "excluded_lines": 0, "num_branches": 0, "num_partial_branches": 0, "covered_branches": 0, "missing_branches": 0}, "missing_lines": [], "excluded_lines": [], "executed_branches": [], "missing_branches": []}, "": {"executed_lines": [1, 16, 18, 19, 21, 22, 23, 25, 26, 27, 28, 29, 30, 31, 32, 33, 35, 36, 39, 48, 49, 52, 74, 75, 80, 81, 82, 85, 86, 91, 93, 101, 102, 103, 104, 105, 107, 108, 109, 110, 111, 112, 113, 114, 116, 117, 120, 125, 126, 127, 132, 133, 138, 139, 140, 142, 144, 145, 153, 155, 156, 163, 164, 165, 166, 167, 168, 176, 181, 182, 185, 186, 187, 188, 189, 192, 205, 206, 207, 209, 212, 213, 225, 226, 229, 237, 239, 240, 242, 243, 245, 246, 247, 248, 250, 251, 255, 259, 260, 261, 262, 266, 267, 269, 274, 275, 276, 277, 280, 282, 283, 285, 286, 287, 288, 289, 290, 292, 293, 299, 302, 303, 304, 305, 307, 308, 309], "summary": {"covered_lines": 125, "num_statements": 125, "percent_covered": 100.0, "percent_covered_display": "100", "missing_lines": 0, "excluded_lines": 0, "num_branches": 28, "num_partial_branches": 0, "covered_branches": 28, "missing_branches": 0}, "missing_lines": [], "excluded_lines": [], "executed_branches": [[85, 86], [85, 91], [101, 102], [101, 116], [103, 104], [103, 107], [116, 117], [116, 125], [132, 133], [132, 138], [138, 139], [138, 142], [163, 164], [163, 168], [239, 240], [239, 242], [242, 243], [242, 245], [250, 251], [250, 259], [261, 262], [261, 269], [282, 283], [282, 285], [292, 293], [292, 299], [307, 308], [307, 309]], "missing_branches": []}}}, "src/rent_collector/utils/__init__.py": {"executed_lines": [], "summary": {"covered_lines": 0, "num_statements": 0, "percent_covered": 100.0, "percent_covered_display": "100", "missing_lines": 0, "excluded_lines": 0, "num_branches": 0, "num_partial_branches": 0, "covered_branches": 0, "missing_branches": 0}, "missing_lines": [], "excluded_lines": [], "executed_branches": [], "missing_branches": [], "functions": {"": {"executed_lines": [], "summary": {"covered_lines": 0, "num_statements": 0, "percent_covered": 100.0, "percent_covered_display": "100", "missing_lines": 0, "excluded_lines": 0, "num_branches": 0, "num_partial_branches": 0, "covered_branches": 0, "missing_branches": 0}, "missing_lines": [], "excluded_lines": [], "executed_branches": [], "missing_branches": []}}, "classes": {"": {"executed_lines": [], "summary": {"covered_lines": 0, "num_statements": 0, "percent_covered": 100.0, "percent_covered_display": "100", "missing_lines": 0, "excluded_lines": 0, "num_branches": 0, "num_partial_branches": 0, "covered_branches": 0, "missing_branches": 0}, "missing_lines": [], "excluded_lines": [], "executed_branches": [], "missing_branches": []}}}, "src/rent_collector/utils/http_client.py": {"executed_lines": [1, 11, 13, 14, 15, 17, 18, 19, 20, 27, 34, 37, 39, 40, 43, 44, 49, 55, 56, 57, 58, 59, 67, 69, 70, 71, 72, 73, 75, 83, 91, 93, 94, 95, 96, 102, 103, 104, 105, 107, 115, 124, 126, 127, 128, 129, 136, 137, 138, 139, 141, 143, 144, 146, 148, 149, 151, 152, 154, 155, 157, 158, 162, 165, 168, 169, 170], "summary": {"covered_lines": 65, "num_statements": 65, "percent_covered": 100.0, "percent_covered_display": "100", "missing_lines": 0, "excluded_lines": 0, "num_branches": 10, "num_partial_branches": 0, "covered_branches": 10, "missing_branches": 0}, "missing_lines": [], "excluded_lines": [], "executed_branches": [[39, -37], [39, 40], [70, 71], [70, 73], [103, 104], [103, 105], [137, 138], [137, 139], [168, 169], [168, 170]], "missing_branches": [], "functions": {"_maybe_raise_retryable_status": {"executed_lines": [39, 40], "summary": {"covered_lines": 2, "num_statements": 2, "percent_covered": 100.0, "percent_covered_display": "100", "missing_lines": 0, "excluded_lines": 0, "num_branches": 2, "num_partial_branches": 0, "covered_branches": 2, "missing_branches": 0}, "missing_lines": [], "excluded_lines": [], "executed_branches": [[39, -37], [39, 40]], "missing_branches": []}, "RateLimitedSession.__init__": {"executed_lines": [55, 56, 57, 58, 59], "summary": {"covered_lines": 5, "num_statements": 5, "percent_covered": 100.0, "percent_covered_display": "100", "missing_lines": 0, "excluded_lines": 0, "num_branches": 0, "num_partial_branches": 0, "covered_branches": 0, "missing_branches": 0}, "missing_lines": [], "excluded_lines": [], "executed_branches": [], "missing_branches": []}, "RateLimitedSession._throttle": {"executed_lines": [69, 70, 71, 72, 73], "summary": {"covered_lines": 5, "num_statements": 5, "percent_covered": 100.0, "percent_covered_display": "100", "missing_lines": 0, "excluded_lines": 0, "num_branches": 2, "num_partial_branches": 0, "covered_branches": 2, "missing_branches": 0}, "missing_lines": [], "excluded_lines": [], "executed_branches": [[70, 71], [70, 73]], "missing_branches": []}, "RateLimitedSession.get": {"executed_lines": [91, 93, 94, 95, 96, 102, 103, 104, 105], "summary": {"covered_lines": 9, "num_statements": 9, "percent_covered": 100.0, "percent_covered_display": "100", "missing_lines": 0, "excluded_lines": 0, "num_branches": 2, "num_partial_branches": 0, "covered_branches": 2, "missing_branches": 0}, "missing_lines": [], "excluded_lines": [], "executed_branches": [[103, 104], [103, 105]], "missing_branches": []}, "RateLimitedSession.post": {"executed_lines": [124, 126, 127, 128, 129, 136, 137, 138, 139], "summary": {"covered_lines": 9, "num_statements": 9, "percent_covered": 100.0, "percent_covered_display": "100", "missing_lines": 0, "excluded_lines": 0, "num_branches": 2, "num_partial_branches": 0, "covered_branches": 2, "missing_branches": 0}, "missing_lines": [], "excluded_lines": [], "executed_branches": [[137, 138], [137, 139]], "missing_branches": []}, "RateLimitedSession.get_json": {"executed_lines": [143, 144], "summary": {"covered_lines": 2, "num_statements": 2, "percent_covered": 100.0, "percent_covered_display": "100", "missing_lines": 0, "excluded_lines": 0, "num_branches": 0, "num_partial_branches": 0, "covered_branches": 0, "missing_branches": 0}, "missing_lines": [], "excluded_lines": [], "executed_branches": [], "missing_branches": []}, "RateLimitedSession.get_bytes": {"executed_lines": [148, 149], "summary": {"covered_lines": 2, "num_statements": 2, "percent_covered": 100.0, "percent_covered_display": "100", "missing_lines": 0, "excluded_lines": 0, "num_branches": 0, "num_partial_branches": 0, "covered_branches": 0, "missing_branches": 0}, "missing_lines": [], "excluded_lines": [], "executed_branches": [], "missing_branches": []}, "RateLimitedSession.close": {"executed_lines": [152], "summary": {"covered_lines": 1, "num_statements": 1, "percent_covered": 100.0, "percent_covered_display": "100", "missing_lines": 0, "excluded_lines": 0, "num_branches": 0, "num_partial_branches": 0, "covered_branches": 0, "missing_branches": 0}, "missing_lines": [], "excluded_lines": [], "executed_branches": [], "missing_branches": []}, "RateLimitedSession.__enter__": {"executed_lines": [155], "summary": {"covered_lines": 1, "num_statements": 1, "percent_covered": 100.0, "percent_covered_display": "100", "missing_lines": 0, "excluded_lines": 0, "num_branches": 0, "num_partial_branches": 0, "covered_branches": 0, "missing_branches": 0}, "missing_lines": [], "excluded_lines": [], "executed_branches": [], "missing_branches": []}, "RateLimitedSession.__exit__": {"executed_lines": [158], "summary": {"covered_lines": 1, "num_statements": 1, "percent_covered": 100.0, "percent_covered_display": "100", "missing_lines": 0, "excluded_lines": 0, "num_branches": 0, "num_partial_branches": 0, "covered_branches": 0, "missing_branches": 0}, "missing_lines": [], "excluded_lines": [], "executed_branches": [], "missing_branches": []}, "get_client": {"executed_lines": [168, 169, 170], "summary": {"covered_lines": 3, "num_statements": 3, "percent_covered": 100.0, "percent_covered_display": "100", "missing_lines": 0, "excluded_lines": 0, "num_branches": 2, "num_partial_branches": 0, "covered_branches": 2, "missing_branches": 0}, "missing_lines": [], "excluded_lines": [], "executed_branches": [[168, 169], [168, 170]], "missing_branches": []}, "": {"executed_lines": [1, 11, 13, 14, 15, 17, 18, 19, 20, 27, 34, 37, 43, 44, 49, 67, 75, 83, 107, 115, 141, 146, 151, 154, 157, 162, 165], "summary": {"covered_lines": 25, "num_statements": 25, "percent_covered": 100.0, "percent_covered_display": "100", "missing_lines": 0, "excluded_lines": 0, "num_branches": 0, "num_partial_branches": 0, "covered_branches": 0, "missing_branches": 0}, "missing_lines": [], "excluded_lines": [], "executed_branches": [], "missing_branches": []}}, "classes": {"RateLimitedSession": {"executed_lines": [55, 56, 57, 58, 59, 69, 70, 71, 72, 73, 91, 93, 94, 95, 96, 102, 103, 104, 105, 124, 126, 127, 128, 129, 136, 137, 138, 139, 143, 144, 148, 149, 152, 155, 158], "summary": {"covered_lines": 35, "num_statements": 35, "percent_covered": 100.0, "percent_covered_display": "100", "missing_lines": 0, "excluded_lines": 0, "num_branches": 6, "num_partial_branches": 0, "covered_branches": 6, "missing_branches": 0}, "missing_lines": [], "excluded_lines": [], "executed_branches": [[70, 71], [70, 73], [103, 104], [103, 105], [137, 138], [137, 139]], "missing_branches": []}, "": {"executed_lines": [1, 11, 13, 14, 15, 17, 18, 19, 20, 27, 34, 37, 39, 40, 43, 44, 49, 67, 75, 83, 107, 115, 141, 146, 151, 154, 157, 162, 165, 168, 169, 170], "summary": {"covered_lines": 30, "num_statements": 30, "percent_covered": 100.0, "percent_covered_display": "100", "missing_lines": 0, "excluded_lines": 0, "num_branches": 4, "num_partial_branches": 0, "covered_branches": 4, "missing_branches": 0}, "missing_lines": [], "excluded_lines": [], "executed_branches": [[39, -37], [39, 40], [168, 169], [168, 170]], "missing_branches": []}}}, "src/rent_collector/utils/locality_crosswalk.py": {"executed_lines": [1, 16, 18, 19, 20, 22, 24, 29, 31, 32, 35, 36, 38, 39, 41, 49, 51, 53, 55, 56, 57, 58, 59, 61, 63, 65, 66, 68, 69, 71, 72, 78, 79, 86, 87, 88, 89, 93, 94, 95, 100, 101, 102, 105, 114, 116, 117, 118, 126, 127, 129, 130, 132, 134, 141, 148, 154, 155, 156, 157, 159, 160, 162, 163, 175, 176, 178, 181, 183, 184, 185, 186, 188, 189, 190, 191, 192, 205, 206, 208, 211, 212, 214, 217, 218, 221, 222, 225, 226, 228, 229, 230, 231, 232, 234, 235, 246, 247], "summary": {"covered_lines": 96, "num_statements": 96, "percent_covered": 100.0, "percent_covered_display": "100", "missing_lines": 0, "excluded_lines": 0, "num_branches": 14, "num_partial_branches": 0, "covered_branches": 14, "missing_branches": 0}, "missing_lines": [], "excluded_lines": [], "executed_branches": [[86, 87], [86, 100], [126, 127], [126, 129], [132, 134], [132, 178], [159, 160], [159, 162], [185, 186], [185, 188], [190, 191], [190, 208], [225, 226], [225, 228]], "missing_branches": [], "functions": {"LocalityCrosswalk.__init__": {"executed_lines": [39, 41], "summary": {"covered_lines": 2, "num_statements": 2, "percent_covered": 100.0, "percent_covered_display": "100", "missing_lines": 0, "excluded_lines": 0, "num_branches": 0, "num_partial_branches": 0, "covered_branches": 0, "missing_branches": 0}, "missing_lines": [], "excluded_lines": [], "executed_branches": [], "missing_branches": []}, "LocalityCrosswalk.by_code": {"executed_lines": [51], "summary": {"covered_lines": 1, "num_statements": 1, "percent_covered": 100.0, "percent_covered_display": "100", "missing_lines": 0, "excluded_lines": 0, "num_branches": 0, "num_partial_branches": 0, "covered_branches": 0, "missing_branches": 0}, "missing_lines": [], "excluded_lines": [], "executed_branches": [], "missing_branches": []}, "LocalityCrosswalk.by_code_padded": {"executed_lines": [55, 56, 57, 58, 59], "summary": {"covered_lines": 5, "num_statements": 5, "percent_covered": 100.0, "percent_covered_display": "100", "missing_lines": 0, "excluded_lines": 0, "num_branches": 0, "num_partial_branches": 0, "covered_branches": 0, "missing_branches": 0}, "missing_lines": [], "excluded_lines": [], "executed_branches": [], "missing_branches": []}, "LocalityCrosswalk.by_name": {"executed_lines": [63], "summary": {"covered_lines": 1, "num_statements": 1, "percent_covered": 100.0, "percent_covered_display": "100", "missing_lines": 0, "excluded_lines": 0, "num_branches": 0, "num_partial_branches": 0, "covered_branches": 0, "missing_branches": 0}, "missing_lines": [], "excluded_lines": [], "executed_branches": [], "missing_branches": []}, "LocalityCrosswalk.all_codes": {"executed_lines": [66], "summary": {"covered_lines": 1, "num_statements": 1, "percent_covered": 100.0, "percent_covered_display": "100", "missing_lines": 0, "excluded_lines": 0, "num_branches": 0, "num_partial_branches": 0, "covered_branches": 0, "missing_branches": 0}, "missing_lines": [], "excluded_lines": [], "executed_branches": [], "missing_branches": []}, "LocalityCrosswalk.all_localities": {"executed_lines": [69], "summary": {"covered_lines": 1, "num_statements": 1, "percent_covered": 100.0, "percent_covered_display": "100", "missing_lines": 0, "excluded_lines": 0, "num_branches": 0, "num_partial_branches": 0, "covered_branches": 0, "missing_branches": 0}, "missing_lines": [], "excluded_lines": [], "executed_branches": [], "missing_branches": []}, "LocalityCrosswalk.__len__": {"executed_lines": [72], "summary": {"covered_lines": 1, "num_statements": 1, "percent_covered": 100.0, "percent_covered_display": "100", "missing_lines": 0, "excluded_lines": 0, "num_branches": 0, "num_partial_branches": 0, "covered_branches": 0, "missing_branches": 0}, "missing_lines": [], "excluded_lines": [], "executed_branches": [], "missing_branches": []}, "LocalityCrosswalk.load": {"executed_lines": [86, 87, 88, 89, 93, 94, 95, 100, 101, 102], "summary": {"covered_lines": 10, "num_statements": 10, "percent_covered": 100.0, "percent_covered_display": "100", "missing_lines": 0, "excluded_lines": 0, "num_branches": 2, "num_partial_branches": 0, "covered_branches": 2, "missing_branches": 0}, "missing_lines": [], "excluded_lines": [], "executed_branches": [[86, 87], [86, 100]], "missing_branches": []}, "_fetch_from_datagov": {"executed_lines": [114, 116, 117, 118, 126, 127, 129, 130, 132, 134, 141, 148, 154, 155, 156, 157, 159, 160, 162, 163, 175, 176, 178], "summary": {"covered_lines": 23, "num_statements": 23, "percent_covered": 100.0, "percent_covered_display": "100", "missing_lines": 0, "excluded_lines": 0, "num_branches": 6, "num_partial_branches": 0, "covered_branches": 6, "missing_branches": 0}, "missing_lines": [], "excluded_lines": [], "executed_branches": [[126, 127], [126, 129], [132, 134], [132, 178], [159, 160], [159, 162]], "missing_branches": []}, "_load_seed_csv": {"executed_lines": [183, 184, 185, 186, 188, 189, 190, 191, 192, 205, 206, 208], "summary": {"covered_lines": 12, "num_statements": 12, "percent_covered": 100.0, "percent_covered_display": "100", "missing_lines": 0, "excluded_lines": 0, "num_branches": 4, "num_partial_branches": 0, "covered_branches": 4, "missing_branches": 0}, "missing_lines": [], "excluded_lines": [], "executed_branches": [[185, 186], [185, 188], [190, 191], [190, 208]], "missing_branches": []}, "get_crosswalk": {"executed_lines": [214], "summary": {"covered_lines": 1, "num_statements": 1, "percent_covered": 100.0, "percent_covered_display": "100", "missing_lines": 0, "excluded_lines": 0, "num_branches": 0, "num_partial_branches": 0, "covered_branches": 0, "missing_branches": 0}, "missing_lines": [], "excluded_lines": [], "executed_branches": [], "missing_branches": []}, "_normalize_name": {"executed_lines": [218], "summary": {"covered_lines": 1, "num_statements": 1, "percent_covered": 100.0, "percent_covered_display": "100", "missing_lines": 0, "excluded_lines": 0, "num_branches": 0, "num_partial_branches": 0, "covered_branches": 0, "missing_branches": 0}, "missing_lines": [], "excluded_lines": [], "executed_branches": [], "missing_branches": []}, "_district_name_he": {"executed_lines": [222, 225, 226, 228, 229, 230, 231, 232, 234, 235], "summary": {"covered_lines": 10, "num_statements": 10, "percent_covered": 100.0, "percent_covered_display": "100", "missing_lines": 0, "excluded_lines": 0, "num_branches": 2, "num_partial_branches": 0, "covered_branches": 2, "missing_branches": 0}, "missing_lines": [], "excluded_lines": [], "executed_branches": [[225, 226], [225, 228]], "missing_branches": []}, "_district_name_en": {"executed_lines": [247], "summary": {"covered_lines": 1, "num_statements": 1, "percent_covered": 100.0, "percent_covered_display": "100", "missing_lines": 0, "excluded_lines": 0, "num_branches": 0, "num_partial_branches": 0, "covered_branches": 0, "missing_branches": 0}, "missing_lines": [], "excluded_lines": [], "executed_branches": [], "missing_branches": []}, "": {"executed_lines": [1, 16, 18, 19, 20, 22, 24, 29, 31, 32, 35, 36, 38, 49, 53, 61, 65, 68, 71, 78, 79, 105, 181, 211, 212, 217, 221, 246], "summary": {"covered_lines": 26, "num_statements": 26, "percent_covered": 100.0, "percent_covered_display": "100", "missing_lines": 0, "excluded_lines": 0, "num_branches": 0, "num_partial_branches": 0, "covered_branches": 0, "missing_branches": 0}, "missing_lines": [], "excluded_lines": [], "executed_branches": [], "missing_branches": []}}, "classes": {"LocalityCrosswalk": {"executed_lines": [39, 41, 51, 55, 56, 57, 58, 59, 63, 66, 69, 72, 86, 87, 88, 89, 93, 94, 95, 100, 101, 102], "summary": {"covered_lines": 22, "num_statements": 22, "percent_covered": 100.0, "percent_covered_display": "100", "missing_lines": 0, "excluded_lines": 0, "num_branches": 2, "num_partial_branches": 0, "covered_branches": 2, "missing_branches": 0}, "missing_lines": [], "excluded_lines": [], "executed_branches": [[86, 87], [86, 100]], "missing_branches": []}, "": {"executed_lines": [1, 16, 18, 19, 20, 22, 24, 29, 31, 32, 35, 36, 38, 49, 53, 61, 65, 68, 71, 78, 79, 105, 114, 116, 117, 118, 126, 127, 129, 130, 132, 134, 141, 148, 154, 155, 156, 157, 159, 160, 162, 163, 175, 176, 178, 181, 183, 184, 185, 186, 188, 189, 190, 191, 192, 205, 206, 208, 211, 212, 214, 217, 218, 221, 222, 225, 226, 228, 229, 230, 231, 232, 234, 235, 246, 247], "summary": {"covered_lines": 74, "num_statements": 74, "percent_covered": 100.0, "percent_covered_display": "100", "missing_lines": 0, "excluded_lines": 0, "num_branches": 12, "num_partial_branches": 0, "covered_branches": 12, "missing_branches": 0}, "missing_lines": [], "excluded_lines": [], "executed_branches": [[126, 127], [126, 129], [132, 134], [132, 178], [159, 160], [159, 162], [185, 186], [185, 188], [190, 191], [190, 208], [225, 226], [225, 228]], "missing_branches": []}}}}, "totals": {"covered_lines": 1222, "num_statements": 1222, "percent_covered": 99.87163029525033, "percent_covered_display": "99", "missing_lines": 0, "excluded_lines": 0, "num_branches": 336, "num_partial_branches": 2, "covered_branches": 334, "missing_branches": 2}}